Vivado Simulator v2023.1
Copyright 1986-2022 Xilinx, Inc. All Rights Reserved.
Copyright 2022-2023 Advanced Micro Devices, Inc. All Rights Reserved.
Running: C:/Xilinx/Vivado/2023.1/bin/unwrapped/win64.o/xelab.exe --incr --debug typical --relax --mt 2 -L xil_defaultlib -L secureip --snapshot MAQ_EXP_tb_behav xil_defaultlib.MAQ_EXP_tb -log elaborate.log 
Using 2 slave threads.
Starting static elaboration
Completed static elaboration
Starting simulation data flow analysis
Completed simulation data flow analysis
Time Resolution for simulation is 1ps
Compiling package std.standard
Compiling package std.textio
Compiling package ieee.std_logic_1164
Compiling package ieee.numeric_std
Compiling package ieee.std_logic_arith
Compiling package ieee.std_logic_unsigned
Compiling architecture behavioral of entity xil_defaultlib.SYNCHRNZR [synchrnzr_default]
Compiling architecture behavioral of entity xil_defaultlib.EDGE_DETECTOR [edge_detector_default]
Compiling architecture behavioral of entity xil_defaultlib.COUNTER [counter_default]
Compiling architecture behavioral of entity xil_defaultlib.FSM [fsm_default]
Compiling architecture estructural of entity xil_defaultlib.MAQ_EXP [maq_exp_default]
Compiling architecture bench of entity xil_defaultlib.maq_exp_tb
Built simulation snapshot MAQ_EXP_tb_behav
