Copyright 1986-2022 Xilinx, Inc. All Rights Reserved. Copyright 2022-2023 Advanced Micro Devices, Inc. All Rights Reserved.
-----------------------------------------------------------------------------------------------------------------------------------------------------------
| Tool Version : Vivado v.2023.1 (win64) Build 3865809 Sun May  7 15:05:29 MDT 2023
| Date         : Wed Jan 10 13:10:11 2024
| Host         : LAPTOP-9VF0APCD running 64-bit major release  (build 9200)
| Command      : report_methodology -file MAQ_EXP_methodology_drc_routed.rpt -pb MAQ_EXP_methodology_drc_routed.pb -rpx MAQ_EXP_methodology_drc_routed.rpx
| Design       : MAQ_EXP
| Device       : xc7a100tcsg324-1
| Speed File   : -1
| Design State : Fully Routed
-----------------------------------------------------------------------------------------------------------------------------------------------------------

Report Methodology

Table of Contents
-----------------
1. REPORT SUMMARY
2. REPORT DETAILS

1. REPORT SUMMARY
-----------------
            Netlist: netlist
          Floorplan: design_1
      Design limits: <entire design considered>
             Max violations: <unlimited>
             Violations found: 114
+-----------+------------------+--------------------------------+------------+
| Rule      | Severity         | Description                    | Violations |
+-----------+------------------+--------------------------------+------------+
| TIMING-17 | Critical Warning | Non-clocked sequential cell    | 105        |
| LUTAR-1   | Warning          | LUT drives async reset alert   | 4          |
| TIMING-20 | Warning          | Non-clocked latch              | 4          |
| LATCH-1   | Advisory         | Existing latches in the design | 1          |
+-----------+------------------+--------------------------------+------------+

2. REPORT DETAILS
-----------------
TIMING-17#1 Critical Warning
Non-clocked sequential cell  
The clock pin CLK_DIV/CLK_BUFFER_reg[0]/C is not reached by a timing clock
Related violations: <none>

TIMING-17#2 Critical Warning
Non-clocked sequential cell  
The clock pin CLK_DIV/CLK_BUFFER_reg[10]/C is not reached by a timing clock
Related violations: <none>

TIMING-17#3 Critical Warning
Non-clocked sequential cell  
The clock pin CLK_DIV/CLK_BUFFER_reg[11]/C is not reached by a timing clock
Related violations: <none>

TIMING-17#4 Critical Warning
Non-clocked sequential cell  
The clock pin CLK_DIV/CLK_BUFFER_reg[12]/C is not reached by a timing clock
Related violations: <none>

TIMING-17#5 Critical Warning
Non-clocked sequential cell  
The clock pin CLK_DIV/CLK_BUFFER_reg[13]/C is not reached by a timing clock
Related violations: <none>

TIMING-17#6 Critical Warning
Non-clocked sequential cell  
The clock pin CLK_DIV/CLK_BUFFER_reg[14]/C is not reached by a timing clock
Related violations: <none>

TIMING-17#7 Critical Warning
Non-clocked sequential cell  
The clock pin CLK_DIV/CLK_BUFFER_reg[15]/C is not reached by a timing clock
Related violations: <none>

TIMING-17#8 Critical Warning
Non-clocked sequential cell  
The clock pin CLK_DIV/CLK_BUFFER_reg[16]/C is not reached by a timing clock
Related violations: <none>

TIMING-17#9 Critical Warning
Non-clocked sequential cell  
The clock pin CLK_DIV/CLK_BUFFER_reg[17]/C is not reached by a timing clock
Related violations: <none>

TIMING-17#10 Critical Warning
Non-clocked sequential cell  
The clock pin CLK_DIV/CLK_BUFFER_reg[1]/C is not reached by a timing clock
Related violations: <none>

TIMING-17#11 Critical Warning
Non-clocked sequential cell  
The clock pin CLK_DIV/CLK_BUFFER_reg[2]/C is not reached by a timing clock
Related violations: <none>

TIMING-17#12 Critical Warning
Non-clocked sequential cell  
The clock pin CLK_DIV/CLK_BUFFER_reg[3]/C is not reached by a timing clock
Related violations: <none>

TIMING-17#13 Critical Warning
Non-clocked sequential cell  
The clock pin CLK_DIV/CLK_BUFFER_reg[4]/C is not reached by a timing clock
Related violations: <none>

TIMING-17#14 Critical Warning
Non-clocked sequential cell  
The clock pin CLK_DIV/CLK_BUFFER_reg[5]/C is not reached by a timing clock
Related violations: <none>

TIMING-17#15 Critical Warning
Non-clocked sequential cell  
The clock pin CLK_DIV/CLK_BUFFER_reg[6]/C is not reached by a timing clock
Related violations: <none>

TIMING-17#16 Critical Warning
Non-clocked sequential cell  
The clock pin CLK_DIV/CLK_BUFFER_reg[7]/C is not reached by a timing clock
Related violations: <none>

TIMING-17#17 Critical Warning
Non-clocked sequential cell  
The clock pin CLK_DIV/CLK_BUFFER_reg[8]/C is not reached by a timing clock
Related violations: <none>

TIMING-17#18 Critical Warning
Non-clocked sequential cell  
The clock pin CLK_DIV/CLK_BUFFER_reg[9]/C is not reached by a timing clock
Related violations: <none>

TIMING-17#19 Critical Warning
Non-clocked sequential cell  
The clock pin CONTROL/CODE_SIG_reg[0][0]/C is not reached by a timing clock
Related violations: <none>

TIMING-17#20 Critical Warning
Non-clocked sequential cell  
The clock pin CONTROL/CODE_SIG_reg[0][1]/C is not reached by a timing clock
Related violations: <none>

TIMING-17#21 Critical Warning
Non-clocked sequential cell  
The clock pin CONTROL/CODE_SIG_reg[0][2]/C is not reached by a timing clock
Related violations: <none>

TIMING-17#22 Critical Warning
Non-clocked sequential cell  
The clock pin CONTROL/CODE_SIG_reg[0][3]/C is not reached by a timing clock
Related violations: <none>

TIMING-17#23 Critical Warning
Non-clocked sequential cell  
The clock pin CONTROL/CODE_SIG_reg[0][4]/C is not reached by a timing clock
Related violations: <none>

TIMING-17#24 Critical Warning
Non-clocked sequential cell  
The clock pin CONTROL/CODE_SIG_reg[1][0]/C is not reached by a timing clock
Related violations: <none>

TIMING-17#25 Critical Warning
Non-clocked sequential cell  
The clock pin CONTROL/CODE_SIG_reg[1][1]/C is not reached by a timing clock
Related violations: <none>

TIMING-17#26 Critical Warning
Non-clocked sequential cell  
The clock pin CONTROL/CODE_SIG_reg[1][2]/C is not reached by a timing clock
Related violations: <none>

TIMING-17#27 Critical Warning
Non-clocked sequential cell  
The clock pin CONTROL/CODE_SIG_reg[1][3]/C is not reached by a timing clock
Related violations: <none>

TIMING-17#28 Critical Warning
Non-clocked sequential cell  
The clock pin CONTROL/CODE_SIG_reg[1][4]/C is not reached by a timing clock
Related violations: <none>

TIMING-17#29 Critical Warning
Non-clocked sequential cell  
The clock pin CONTROL/CODE_SIG_reg[2][0]/C is not reached by a timing clock
Related violations: <none>

TIMING-17#30 Critical Warning
Non-clocked sequential cell  
The clock pin CONTROL/CODE_SIG_reg[2][1]/C is not reached by a timing clock
Related violations: <none>

TIMING-17#31 Critical Warning
Non-clocked sequential cell  
The clock pin CONTROL/CODE_SIG_reg[2][2]/C is not reached by a timing clock
Related violations: <none>

TIMING-17#32 Critical Warning
Non-clocked sequential cell  
The clock pin CONTROL/CODE_SIG_reg[2][3]/C is not reached by a timing clock
Related violations: <none>

TIMING-17#33 Critical Warning
Non-clocked sequential cell  
The clock pin CONTROL/CODE_SIG_reg[2][4]/C is not reached by a timing clock
Related violations: <none>

TIMING-17#34 Critical Warning
Non-clocked sequential cell  
The clock pin CONTROL/CODE_SIG_reg[3][0]/C is not reached by a timing clock
Related violations: <none>

TIMING-17#35 Critical Warning
Non-clocked sequential cell  
The clock pin CONTROL/CODE_SIG_reg[3][1]/C is not reached by a timing clock
Related violations: <none>

TIMING-17#36 Critical Warning
Non-clocked sequential cell  
The clock pin CONTROL/CODE_SIG_reg[3][2]/C is not reached by a timing clock
Related violations: <none>

TIMING-17#37 Critical Warning
Non-clocked sequential cell  
The clock pin CONTROL/CODE_SIG_reg[3][4]/C is not reached by a timing clock
Related violations: <none>

TIMING-17#38 Critical Warning
Non-clocked sequential cell  
The clock pin CONTROL/CONTROL_SIG_reg[0][4]/C is not reached by a timing clock
Related violations: <none>

TIMING-17#39 Critical Warning
Non-clocked sequential cell  
The clock pin CONTROL/CONTROL_SIG_reg[0][4]__0/C is not reached by a timing clock
Related violations: <none>

TIMING-17#40 Critical Warning
Non-clocked sequential cell  
The clock pin CONTROL/CONTROL_SIG_reg[0][5]/C is not reached by a timing clock
Related violations: <none>

TIMING-17#41 Critical Warning
Non-clocked sequential cell  
The clock pin CONTROL/CONTROL_SIG_reg[0][5]__0/C is not reached by a timing clock
Related violations: <none>

TIMING-17#42 Critical Warning
Non-clocked sequential cell  
The clock pin CONTROL/CONTROL_SIG_reg[0][6]/C is not reached by a timing clock
Related violations: <none>

TIMING-17#43 Critical Warning
Non-clocked sequential cell  
The clock pin CONTROL/CONTROL_SIG_reg[0][6]__0/C is not reached by a timing clock
Related violations: <none>

TIMING-17#44 Critical Warning
Non-clocked sequential cell  
The clock pin CONTROL/CONTROL_SIG_reg[0][7]/C is not reached by a timing clock
Related violations: <none>

TIMING-17#45 Critical Warning
Non-clocked sequential cell  
The clock pin CONTROL/CONTROL_SIG_reg[0][7]__0/C is not reached by a timing clock
Related violations: <none>

TIMING-17#46 Critical Warning
Non-clocked sequential cell  
The clock pin CONTROL/CONTROL_SIG_reg[0][8]/C is not reached by a timing clock
Related violations: <none>

TIMING-17#47 Critical Warning
Non-clocked sequential cell  
The clock pin CONTROL/CONTROL_SIG_reg[0][8]__0/C is not reached by a timing clock
Related violations: <none>

TIMING-17#48 Critical Warning
Non-clocked sequential cell  
The clock pin CONTROL/CONTROL_SIG_reg[1][0]/C is not reached by a timing clock
Related violations: <none>

TIMING-17#49 Critical Warning
Non-clocked sequential cell  
The clock pin CONTROL/CONTROL_SIG_reg[1][0]__0/C is not reached by a timing clock
Related violations: <none>

TIMING-17#50 Critical Warning
Non-clocked sequential cell  
The clock pin CONTROL/CONTROL_SIG_reg[1][1]/C is not reached by a timing clock
Related violations: <none>

TIMING-17#51 Critical Warning
Non-clocked sequential cell  
The clock pin CONTROL/CONTROL_SIG_reg[1][1]__0/C is not reached by a timing clock
Related violations: <none>

TIMING-17#52 Critical Warning
Non-clocked sequential cell  
The clock pin CONTROL/CONTROL_SIG_reg[1][2]/C is not reached by a timing clock
Related violations: <none>

TIMING-17#53 Critical Warning
Non-clocked sequential cell  
The clock pin CONTROL/CONTROL_SIG_reg[1][2]__0/C is not reached by a timing clock
Related violations: <none>

TIMING-17#54 Critical Warning
Non-clocked sequential cell  
The clock pin CONTROL/CONTROL_SIG_reg[1][3]/C is not reached by a timing clock
Related violations: <none>

TIMING-17#55 Critical Warning
Non-clocked sequential cell  
The clock pin CONTROL/CONTROL_SIG_reg[1][3]__0/C is not reached by a timing clock
Related violations: <none>

TIMING-17#56 Critical Warning
Non-clocked sequential cell  
The clock pin CONTROL/CONTROL_SIG_reg[1][5]/C is not reached by a timing clock
Related violations: <none>

TIMING-17#57 Critical Warning
Non-clocked sequential cell  
The clock pin CONTROL/CONTROL_SIG_reg[1][5]__0/C is not reached by a timing clock
Related violations: <none>

TIMING-17#58 Critical Warning
Non-clocked sequential cell  
The clock pin CONTROL/CONTROL_SIG_reg[1][6]/C is not reached by a timing clock
Related violations: <none>

TIMING-17#59 Critical Warning
Non-clocked sequential cell  
The clock pin CONTROL/CONTROL_SIG_reg[1][6]__0/C is not reached by a timing clock
Related violations: <none>

TIMING-17#60 Critical Warning
Non-clocked sequential cell  
The clock pin CONTROL/CONTROL_SIG_reg[1][7]/C is not reached by a timing clock
Related violations: <none>

TIMING-17#61 Critical Warning
Non-clocked sequential cell  
The clock pin CONTROL/CONTROL_SIG_reg[1][7]__0/C is not reached by a timing clock
Related violations: <none>

TIMING-17#62 Critical Warning
Non-clocked sequential cell  
The clock pin CONTROL/CONTROL_SIG_reg[2][5]/C is not reached by a timing clock
Related violations: <none>

TIMING-17#63 Critical Warning
Non-clocked sequential cell  
The clock pin CONTROL/CONTROL_SIG_reg[2][5]__0/C is not reached by a timing clock
Related violations: <none>

TIMING-17#64 Critical Warning
Non-clocked sequential cell  
The clock pin CONTROL/CONTROL_SIG_reg[2][6]/C is not reached by a timing clock
Related violations: <none>

TIMING-17#65 Critical Warning
Non-clocked sequential cell  
The clock pin CONTROL/CONTROL_SIG_reg[2][6]__0/C is not reached by a timing clock
Related violations: <none>

TIMING-17#66 Critical Warning
Non-clocked sequential cell  
The clock pin CONTROL/CONTROL_SIG_reg[2][7]/C is not reached by a timing clock
Related violations: <none>

TIMING-17#67 Critical Warning
Non-clocked sequential cell  
The clock pin CONTROL/CONTROL_SIG_reg[2][7]__0/C is not reached by a timing clock
Related violations: <none>

TIMING-17#68 Critical Warning
Non-clocked sequential cell  
The clock pin CONTROL/CONTROL_SIG_reg[2][8]/C is not reached by a timing clock
Related violations: <none>

TIMING-17#69 Critical Warning
Non-clocked sequential cell  
The clock pin CONTROL/CONTROL_SIG_reg[2][8]__0/C is not reached by a timing clock
Related violations: <none>

TIMING-17#70 Critical Warning
Non-clocked sequential cell  
The clock pin CONTROL/CONTROL_SIG_reg[3][5]/C is not reached by a timing clock
Related violations: <none>

TIMING-17#71 Critical Warning
Non-clocked sequential cell  
The clock pin CONTROL/CONTROL_SIG_reg[3][5]__0/C is not reached by a timing clock
Related violations: <none>

TIMING-17#72 Critical Warning
Non-clocked sequential cell  
The clock pin CONTROL/CONTROL_SIG_reg[3][6]__0/C is not reached by a timing clock
Related violations: <none>

TIMING-17#73 Critical Warning
Non-clocked sequential cell  
The clock pin CONTROL/CONTROL_SIG_reg[3][7]/C is not reached by a timing clock
Related violations: <none>

TIMING-17#74 Critical Warning
Non-clocked sequential cell  
The clock pin CONTROL/CONTROL_SIG_reg[3][7]__0/C is not reached by a timing clock
Related violations: <none>

TIMING-17#75 Critical Warning
Non-clocked sequential cell  
The clock pin CONTROL/CONTROL_SIG_reg[3][8]/C is not reached by a timing clock
Related violations: <none>

TIMING-17#76 Critical Warning
Non-clocked sequential cell  
The clock pin CONTROL/CONTROL_SIG_reg[3][8]__0/C is not reached by a timing clock
Related violations: <none>

TIMING-17#77 Critical Warning
Non-clocked sequential cell  
The clock pin CTR/CUENTA_SIG_reg[0]/C is not reached by a timing clock
Related violations: <none>

TIMING-17#78 Critical Warning
Non-clocked sequential cell  
The clock pin CTR/CUENTA_SIG_reg[1]/C is not reached by a timing clock
Related violations: <none>

TIMING-17#79 Critical Warning
Non-clocked sequential cell  
The clock pin CTR/CUENTA_SIG_reg[2]/C is not reached by a timing clock
Related violations: <none>

TIMING-17#80 Critical Warning
Non-clocked sequential cell  
The clock pin CTR/CUENTA_SIG_reg[3]/C is not reached by a timing clock
Related violations: <none>

TIMING-17#81 Critical Warning
Non-clocked sequential cell  
The clock pin CTR/CUENTA_SIG_reg[4]/C is not reached by a timing clock
Related violations: <none>

TIMING-17#82 Critical Warning
Non-clocked sequential cell  
The clock pin EDGE/EDGE_MONEDAS_reg[0]/C is not reached by a timing clock
Related violations: <none>

TIMING-17#83 Critical Warning
Non-clocked sequential cell  
The clock pin EDGE/EDGE_MONEDAS_reg[1]/C is not reached by a timing clock
Related violations: <none>

TIMING-17#84 Critical Warning
Non-clocked sequential cell  
The clock pin EDGE/EDGE_MONEDAS_reg[2]/C is not reached by a timing clock
Related violations: <none>

TIMING-17#85 Critical Warning
Non-clocked sequential cell  
The clock pin EDGE/EDGE_MONEDAS_reg[3]/C is not reached by a timing clock
Related violations: <none>

TIMING-17#86 Critical Warning
Non-clocked sequential cell  
The clock pin EDGE/PREVIOUS_DATA_reg[0]/C is not reached by a timing clock
Related violations: <none>

TIMING-17#87 Critical Warning
Non-clocked sequential cell  
The clock pin EDGE/PREVIOUS_DATA_reg[1]/C is not reached by a timing clock
Related violations: <none>

TIMING-17#88 Critical Warning
Non-clocked sequential cell  
The clock pin EDGE/PREVIOUS_DATA_reg[2]/C is not reached by a timing clock
Related violations: <none>

TIMING-17#89 Critical Warning
Non-clocked sequential cell  
The clock pin EDGE/PREVIOUS_DATA_reg[3]/C is not reached by a timing clock
Related violations: <none>

TIMING-17#90 Critical Warning
Non-clocked sequential cell  
The clock pin MAQ_ESTADOS/FSM_sequential_CURRENT_STATE_reg[0]/C is not reached by a timing clock
Related violations: <none>

TIMING-17#91 Critical Warning
Non-clocked sequential cell  
The clock pin MAQ_ESTADOS/FSM_sequential_CURRENT_STATE_reg[1]/C is not reached by a timing clock
Related violations: <none>

TIMING-17#92 Critical Warning
Non-clocked sequential cell  
The clock pin SYNC/SREG_1_MONEDAS_reg[0]/C is not reached by a timing clock
Related violations: <none>

TIMING-17#93 Critical Warning
Non-clocked sequential cell  
The clock pin SYNC/SREG_1_MONEDAS_reg[1]/C is not reached by a timing clock
Related violations: <none>

TIMING-17#94 Critical Warning
Non-clocked sequential cell  
The clock pin SYNC/SREG_1_MONEDAS_reg[2]/C is not reached by a timing clock
Related violations: <none>

TIMING-17#95 Critical Warning
Non-clocked sequential cell  
The clock pin SYNC/SREG_1_MONEDAS_reg[3]/C is not reached by a timing clock
Related violations: <none>

TIMING-17#96 Critical Warning
Non-clocked sequential cell  
The clock pin SYNC/SREG_1_PAGAR_reg/C is not reached by a timing clock
Related violations: <none>

TIMING-17#97 Critical Warning
Non-clocked sequential cell  
The clock pin SYNC/SREG_1_TIPO_reg[0]/C is not reached by a timing clock
Related violations: <none>

TIMING-17#98 Critical Warning
Non-clocked sequential cell  
The clock pin SYNC/SREG_1_TIPO_reg[1]/C is not reached by a timing clock
Related violations: <none>

TIMING-17#99 Critical Warning
Non-clocked sequential cell  
The clock pin SYNC/SREG_2_MONEDAS_reg[0]/C is not reached by a timing clock
Related violations: <none>

TIMING-17#100 Critical Warning
Non-clocked sequential cell  
The clock pin SYNC/SREG_2_MONEDAS_reg[1]/C is not reached by a timing clock
Related violations: <none>

TIMING-17#101 Critical Warning
Non-clocked sequential cell  
The clock pin SYNC/SREG_2_MONEDAS_reg[2]/C is not reached by a timing clock
Related violations: <none>

TIMING-17#102 Critical Warning
Non-clocked sequential cell  
The clock pin SYNC/SREG_2_MONEDAS_reg[3]/C is not reached by a timing clock
Related violations: <none>

TIMING-17#103 Critical Warning
Non-clocked sequential cell  
The clock pin SYNC/SREG_2_PAGAR_reg/C is not reached by a timing clock
Related violations: <none>

TIMING-17#104 Critical Warning
Non-clocked sequential cell  
The clock pin SYNC/SREG_2_TIPO_reg[0]/C is not reached by a timing clock
Related violations: <none>

TIMING-17#105 Critical Warning
Non-clocked sequential cell  
The clock pin SYNC/SREG_2_TIPO_reg[1]/C is not reached by a timing clock
Related violations: <none>

LUTAR-1#1 Warning
LUT drives async reset alert  
LUT cell CTR/ERROR_SIG_reg_i_3, with 2 or more inputs, drives asynchronous preset/clear pin(s) CTR/ERROR_SIG_reg/CLR. The LUT may glitch and trigger an unexpected reset, even if it is a properly timed path.
Related violations: <none>

LUTAR-1#2 Warning
LUT drives async reset alert  
LUT cell CTR/ERROR_SIG_reg_i_4, with 2 or more inputs, drives asynchronous preset/clear pin(s) CTR/ERROR_SIG_reg/PRE, CTR/PAGO_OK_SIG_reg/CLR. The LUT may glitch and trigger an unexpected reset, even if it is a properly timed path.
Related violations: <none>

LUTAR-1#3 Warning
LUT drives async reset alert  
LUT cell CTR/PAGO_OK_SIG_reg_i_2, with 2 or more inputs, drives asynchronous preset/clear pin(s) CTR/PAGO_OK_SIG_reg/PRE. The LUT may glitch and trigger an unexpected reset, even if it is a properly timed path.
Related violations: <none>

LUTAR-1#4 Warning
LUT drives async reset alert  
LUT cell SYNC/REFRESCO_ACTUAL_SIG_reg[1]_i_1, with 2 or more inputs, drives asynchronous preset/clear pin(s) CTR/CUENTA_SIG_reg[0]/CLR, CTR/CUENTA_SIG_reg[1]/CLR,
CTR/CUENTA_SIG_reg[2]/CLR, CTR/CUENTA_SIG_reg[3]/CLR
CTR/CUENTA_SIG_reg[4]/CLR. The LUT may glitch and trigger an unexpected reset, even if it is a properly timed path.
Related violations: <none>

TIMING-20#1 Warning
Non-clocked latch  
The latch CTR/ERROR_SIG_reg/L7 (in CTR/ERROR_SIG_reg macro) cannot be properly analyzed as its control pin CTR/ERROR_SIG_reg/L7/G is not reached by a timing clock
Related violations: <none>

TIMING-20#2 Warning
Non-clocked latch  
The latch CTR/PAGO_OK_SIG_reg/L7 (in CTR/PAGO_OK_SIG_reg macro) cannot be properly analyzed as its control pin CTR/PAGO_OK_SIG_reg/L7/G is not reached by a timing clock
Related violations: <none>

TIMING-20#3 Warning
Non-clocked latch  
The latch CTR/REFRESCO_ACTUAL_SIG_reg[0] cannot be properly analyzed as its control pin CTR/REFRESCO_ACTUAL_SIG_reg[0]/G is not reached by a timing clock
Related violations: <none>

TIMING-20#4 Warning
Non-clocked latch  
The latch CTR/REFRESCO_ACTUAL_SIG_reg[1] cannot be properly analyzed as its control pin CTR/REFRESCO_ACTUAL_SIG_reg[1]/G is not reached by a timing clock
Related violations: <none>

LATCH-1#1 Advisory
Existing latches in the design  
There are 4 latches found in the design. Inferred latches are often the result of HDL coding mistakes, such as incomplete if or case statements.
Related violations: <none>


