#-----------------------------------------------------------
# Vivado v2023.1 (64-bit)
# SW Build 3865809 on Sun May  7 15:05:29 MDT 2023
# IP Build 3864474 on Sun May  7 20:36:21 MDT 2023
# SharedData Build 3865790 on Sun May 07 13:33:03 MDT 2023
# Start of session at: Sat Dec 16 13:44:59 2023
# Process ID: 8620
# Current directory: C:/Users/diego/OneDrive/Documentos/TRABAJO_SED_VHDL_G20/MaquinaExp_G20
# Command line: vivado.exe -gui_launcher_event rodinguilauncherevent8976 C:\Users\diego\OneDrive\Documentos\TRABAJO_SED_VHDL_G20\MaquinaExp_G20\MaquinaExp_G20.xpr
# Log file: C:/Users/diego/OneDrive/Documentos/TRABAJO_SED_VHDL_G20/MaquinaExp_G20/vivado.log
# Journal file: C:/Users/diego/OneDrive/Documentos/TRABAJO_SED_VHDL_G20/MaquinaExp_G20\vivado.jou
# Running On: LAPTOP-9VF0APCD, OS: Windows, CPU Frequency: 1498 MHz, CPU Physical cores: 4, Host memory: 8320 MB
#-----------------------------------------------------------
start_gui
open_project C:/Users/diego/OneDrive/Documentos/TRABAJO_SED_VHDL_G20/MaquinaExp_G20/MaquinaExp_G20.xpr
WARNING: [Board 49-26] cannot add Board Part digilentinc.com:arty-s7-25:part0:1.1 available at C:/Xilinx/Vivado/2023.1/data/boards/board_files/arty-s7-25/E.0/board.xml as part xc7s25csga324-1 specified in board_part file is either invalid or not available
WARNING: [Board 49-26] cannot add Board Part digilentinc.com:arty-s7-50:part0:1.1 available at C:/Xilinx/Vivado/2023.1/data/boards/board_files/arty-s7-50/B.0/board.xml as part xc7s50csga324-1 specified in board_part file is either invalid or not available
WARNING: [Board 49-26] cannot add Board Part digilentinc.com:arty-z7-10:part0:1.1 available at C:/Xilinx/Vivado/2023.1/data/boards/board_files/arty-z7-10/A.0/board.xml as part xc7z010clg400-1 specified in board_part file is either invalid or not available
WARNING: [Board 49-26] cannot add Board Part digilentinc.com:arty-z7-20:part0:1.1 available at C:/Xilinx/Vivado/2023.1/data/boards/board_files/arty-z7-20/A.0/board.xml as part xc7z020clg400-1 specified in board_part file is either invalid or not available
WARNING: [Board 49-26] cannot add Board Part digilentinc.com:cmod-s7-25:part0:1.0 available at C:/Xilinx/Vivado/2023.1/data/boards/board_files/cmod-s7-25/B.0/board.xml as part xc7s25csga225-1 specified in board_part file is either invalid or not available
WARNING: [Board 49-26] cannot add Board Part digilentinc.com:cora-z7-07s:part0:1.1 available at C:/Xilinx/Vivado/2023.1/data/boards/board_files/cora-z7-07s/B.0/board.xml as part xc7z007sclg400-1 specified in board_part file is either invalid or not available
WARNING: [Board 49-26] cannot add Board Part digilentinc.com:cora-z7-10:part0:1.1 available at C:/Xilinx/Vivado/2023.1/data/boards/board_files/cora-z7-10/B.0/board.xml as part xc7z010clg400-1 specified in board_part file is either invalid or not available
WARNING: [Board 49-26] cannot add Board Part digilentinc.com:eclypse-z7:part0:1.0 available at C:/Xilinx/Vivado/2023.1/data/boards/board_files/eclypse-z7/A.0/board.xml as part xc7z020clg484-1 specified in board_part file is either invalid or not available
WARNING: [Board 49-26] cannot add Board Part digilentinc.com:eclypse-z7:part0:1.1 available at C:/Xilinx/Vivado/2023.1/data/boards/board_files/eclypse-z7/B.0/board.xml as part xc7z020clg484-1 specified in board_part file is either invalid or not available
WARNING: [Board 49-26] cannot add Board Part digilentinc.com:genesys2:part0:1.1 available at C:/Xilinx/Vivado/2023.1/data/boards/board_files/genesys2/H/board.xml as part xc7k325tffg900-2 specified in board_part file is either invalid or not available
WARNING: [Board 49-26] cannot add Board Part digilentinc.com:gzu_3eg:part0:1.0 available at C:/Xilinx/Vivado/2023.1/data/boards/board_files/genesys-zu-3eg/B.0/board.xml as part xczu3eg-sfvc784-1-e specified in board_part file is either invalid or not available
WARNING: [Board 49-26] cannot add Board Part digilentinc.com:gzu_3eg:part0:1.1 available at C:/Xilinx/Vivado/2023.1/data/boards/board_files/genesys-zu-3eg/D.0/board.xml as part xczu3eg-sfvc784-1-e specified in board_part file is either invalid or not available
WARNING: [Board 49-26] cannot add Board Part digilentinc.com:gzu_5ev:part0:1.1 available at C:/Xilinx/Vivado/2023.1/data/boards/board_files/genesys-zu-5ev/C.0/board.xml as part xczu5ev-sfvc784-1-e specified in board_part file is either invalid or not available
WARNING: [Board 49-26] cannot add Board Part digilentinc.com:sword:part0:1.0 available at C:/Xilinx/Vivado/2023.1/data/boards/board_files/sword/C.0/board.xml as part xc7k325tffg900-2 specified in board_part file is either invalid or not available
WARNING: [Board 49-26] cannot add Board Part digilentinc.com:zedboard:part0:1.1 available at C:/Xilinx/Vivado/2023.1/data/boards/board_files/zedboard/1.3/board.xml as part xc7z020clg484-1 specified in board_part file is either invalid or not available
WARNING: [Board 49-26] cannot add Board Part digilentinc.com:zybo-z7-10:part0:1.2 available at C:/Xilinx/Vivado/2023.1/data/boards/board_files/zybo-z7-10/A.0/board.xml as part xc7z010clg400-1 specified in board_part file is either invalid or not available
WARNING: [Board 49-26] cannot add Board Part digilentinc.com:zybo-z7-20:part0:1.2 available at C:/Xilinx/Vivado/2023.1/data/boards/board_files/zybo-z7-20/A.0/board.xml as part xc7z020clg400-1 specified in board_part file is either invalid or not available
WARNING: [Board 49-26] cannot add Board Part digilentinc.com:zybo:part0:1.0 available at C:/Xilinx/Vivado/2023.1/data/boards/board_files/zybo/B.3/board.xml as part xc7z010clg400-1 specified in board_part file is either invalid or not available
WARNING: [Board 49-26] cannot add Board Part digilentinc.com:zybo:part0:2.0 available at C:/Xilinx/Vivado/2023.1/data/boards/board_files/zybo/B.4/board.xml as part xc7z010clg400-1 specified in board_part file is either invalid or not available
WARNING: [Board 49-26] cannot add Board Part xilinx.com:k26c:part0:1.2 available at C:/Xilinx/Vivado/2023.1/data/xhub/boards/XilinxBoardStore/boards/Xilinx/k26c/1.2/board.xml as part xck26-sfvc784-2lv-c specified in board_part file is either invalid or not available
WARNING: [Board 49-26] cannot add Board Part xilinx.com:k26c:part0:1.3 available at C:/Xilinx/Vivado/2023.1/data/xhub/boards/XilinxBoardStore/boards/Xilinx/k26c/1.3/board.xml as part xck26-sfvc784-2lv-c specified in board_part file is either invalid or not available
WARNING: [Board 49-26] cannot add Board Part xilinx.com:k26c:part0:1.4 available at C:/Xilinx/Vivado/2023.1/data/xhub/boards/XilinxBoardStore/boards/Xilinx/k26c/1.4/board.xml as part xck26-sfvc784-2lv-c specified in board_part file is either invalid or not available
WARNING: [Board 49-26] cannot add Board Part xilinx.com:k26i:part0:1.2 available at C:/Xilinx/Vivado/2023.1/data/xhub/boards/XilinxBoardStore/boards/Xilinx/k26i/1.2/board.xml as part xck26-sfvc784-2lvi-i specified in board_part file is either invalid or not available
WARNING: [Board 49-26] cannot add Board Part xilinx.com:k26i:part0:1.3 available at C:/Xilinx/Vivado/2023.1/data/xhub/boards/XilinxBoardStore/boards/Xilinx/k26i/1.3/board.xml as part xck26-sfvc784-2lvi-i specified in board_part file is either invalid or not available
WARNING: [Board 49-26] cannot add Board Part xilinx.com:k26i:part0:1.4 available at C:/Xilinx/Vivado/2023.1/data/xhub/boards/XilinxBoardStore/boards/Xilinx/k26i/1.4/board.xml as part xck26-sfvc784-2lvi-i specified in board_part file is either invalid or not available
WARNING: [Board 49-26] cannot add Board Part xilinx.com:kc705:part0:1.6 available at C:/Xilinx/Vivado/2023.1/data/xhub/boards/XilinxBoardStore/boards/Xilinx/kc705/1.6/board.xml as part xc7k325tffg900-2 specified in board_part file is either invalid or not available
WARNING: [Board 49-26] cannot add Board Part xilinx.com:kcu105:part0:1.6 available at C:/Xilinx/Vivado/2023.1/data/xhub/boards/XilinxBoardStore/boards/Xilinx/kcu105/1.6/board.xml as part xcku040-ffva1156-2-e specified in board_part file is either invalid or not available
WARNING: [Board 49-26] cannot add Board Part xilinx.com:kcu105:part0:1.7 available at C:/Xilinx/Vivado/2023.1/data/xhub/boards/XilinxBoardStore/boards/Xilinx/kcu105/1.7/board.xml as part xcku040-ffva1156-2-e specified in board_part file is either invalid or not available
WARNING: [Board 49-26] cannot add Board Part xilinx.com:kcu116:part0:1.4 available at C:/Xilinx/Vivado/2023.1/data/xhub/boards/XilinxBoardStore/boards/Xilinx/kcu116/1.4/board.xml as part xcku5p-ffvb676-2-e specified in board_part file is either invalid or not available
WARNING: [Board 49-26] cannot add Board Part xilinx.com:kcu116:part0:1.5 available at C:/Xilinx/Vivado/2023.1/data/xhub/boards/XilinxBoardStore/boards/Xilinx/kcu116/1.5/board.xml as part xcku5p-ffvb676-2-e specified in board_part file is either invalid or not available
WARNING: [Board 49-26] cannot add Board Part xilinx.com:kcu1500:part0:1.2 available at C:/Xilinx/Vivado/2023.1/data/xhub/boards/XilinxBoardStore/boards/Xilinx/kcu1500/1.2/board.xml as part xcku115-flvb2104-2-e specified in board_part file is either invalid or not available
WARNING: [Board 49-26] cannot add Board Part xilinx.com:kr260_som:part0:1.0 available at C:/Xilinx/Vivado/2023.1/data/xhub/boards/XilinxBoardStore/boards/Xilinx/kr260_som/1.0/board.xml as part xck26-sfvc784-2lv-c specified in board_part file is either invalid or not available
WARNING: [Board 49-26] cannot add Board Part xilinx.com:kr260_som:part0:1.1 available at C:/Xilinx/Vivado/2023.1/data/xhub/boards/XilinxBoardStore/boards/Xilinx/kr260_som/1.1/board.xml as part xck26-sfvc784-2lv-c specified in board_part file is either invalid or not available
WARNING: [Board 49-26] cannot add Board Part xilinx.com:kv260_som:part0:1.2 available at C:/Xilinx/Vivado/2023.1/data/xhub/boards/XilinxBoardStore/boards/Xilinx/kv260_som/1.2/board.xml as part xck26-sfvc784-2lv-c specified in board_part file is either invalid or not available
WARNING: [Board 49-26] cannot add Board Part xilinx.com:kv260_som:part0:1.3 available at C:/Xilinx/Vivado/2023.1/data/xhub/boards/XilinxBoardStore/boards/Xilinx/kv260_som/1.3/board.xml as part xck26-sfvc784-2lv-c specified in board_part file is either invalid or not available
WARNING: [Board 49-26] cannot add Board Part xilinx.com:kv260_som:part0:1.4 available at C:/Xilinx/Vivado/2023.1/data/xhub/boards/XilinxBoardStore/boards/Xilinx/kv260_som/1.4/board.xml as part xck26-sfvc784-2lv-c specified in board_part file is either invalid or not available
WARNING: [Board 49-26] cannot add Board Part xilinx.com:sp701:part0:1.0 available at C:/Xilinx/Vivado/2023.1/data/xhub/boards/XilinxBoardStore/boards/Xilinx/sp701/1.0/board.xml as part xc7s100fgga676-2 specified in board_part file is either invalid or not available
WARNING: [Board 49-26] cannot add Board Part xilinx.com:sp701:part0:1.1 available at C:/Xilinx/Vivado/2023.1/data/xhub/boards/XilinxBoardStore/boards/Xilinx/sp701/1.1/board.xml as part xc7s100fgga676-2 specified in board_part file is either invalid or not available
WARNING: [Board 49-26] cannot add Board Part xilinx.com:vc707:part0:1.4 available at C:/Xilinx/Vivado/2023.1/data/xhub/boards/XilinxBoardStore/boards/Xilinx/vc707/1.4/board.xml as part xc7vx485tffg1761-2 specified in board_part file is either invalid or not available
WARNING: [Board 49-26] cannot add Board Part xilinx.com:vc709:part0:1.8 available at C:/Xilinx/Vivado/2023.1/data/xhub/boards/XilinxBoardStore/boards/Xilinx/vc709/1.8/board.xml as part xc7vx690tffg1761-2 specified in board_part file is either invalid or not available
WARNING: [Board 49-26] cannot add Board Part xilinx.com:vck190:part0:2.2 available at C:/Xilinx/Vivado/2023.1/data/xhub/boards/XilinxBoardStore/boards/Xilinx/vck190/production/2.2/board.xml as part xcvc1902-vsva2197-2mp-e-s specified in board_part file is either invalid or not available
WARNING: [Board 49-26] cannot add Board Part xilinx.com:vck190:part0:3.0 available at C:/Xilinx/Vivado/2023.1/data/xhub/boards/XilinxBoardStore/boards/Xilinx/vck190/production/3.0/board.xml as part xcvc1902-vsva2197-2mp-e-s specified in board_part file is either invalid or not available
WARNING: [Board 49-26] cannot add Board Part xilinx.com:vck190:part0:3.1 available at C:/Xilinx/Vivado/2023.1/data/xhub/boards/XilinxBoardStore/boards/Xilinx/vck190/production/3.1/board.xml as part xcvc1902-vsva2197-2mp-e-s specified in board_part file is either invalid or not available
WARNING: [Board 49-26] cannot add Board Part xilinx.com:vck190:part0:3.2 available at C:/Xilinx/Vivado/2023.1/data/xhub/boards/XilinxBoardStore/boards/Xilinx/vck190/production/3.2/board.xml as part xcvc1902-vsva2197-2mp-e-s specified in board_part file is either invalid or not available
WARNING: [Board 49-26] cannot add Board Part xilinx.com:vck190_newl:part0:1.0 available at C:/Xilinx/Vivado/2023.1/data/xhub/boards/XilinxBoardStore/boards/Xilinx/vck190_newl/production/1.0/board.xml as part xcvc1902-vsva2197-2mp-e-s specified in board_part file is either invalid or not available
WARNING: [Board 49-26] cannot add Board Part xilinx.com:vck190_newl:part0:1.1 available at C:/Xilinx/Vivado/2023.1/data/xhub/boards/XilinxBoardStore/boards/Xilinx/vck190_newl/production/1.1/board.xml as part xcvc1902-vsva2197-2mp-e-s specified in board_part file is either invalid or not available
WARNING: [Board 49-26] cannot add Board Part xilinx.com:vcu108:part0:1.6 available at C:/Xilinx/Vivado/2023.1/data/xhub/boards/XilinxBoardStore/boards/Xilinx/vcu108/1.6/board.xml as part xcvu095-ffva2104-2-e specified in board_part file is either invalid or not available
WARNING: [Board 49-26] cannot add Board Part xilinx.com:vcu108:part0:1.7 available at C:/Xilinx/Vivado/2023.1/data/xhub/boards/XilinxBoardStore/boards/Xilinx/vcu108/1.7/board.xml as part xcvu095-ffva2104-2-e specified in board_part file is either invalid or not available
WARNING: [Board 49-26] cannot add Board Part xilinx.com:vcu110:part0:1.4 available at C:/Xilinx/Vivado/2023.1/data/xhub/boards/XilinxBoardStore/boards/Xilinx/vcu110/1.4/board.xml as part xcvu190-flgc2104-2-e specified in board_part file is either invalid or not available
WARNING: [Board 49-26] cannot add Board Part xilinx.com:vcu118:part0:2.0 available at C:/Xilinx/Vivado/2023.1/data/xhub/boards/XilinxBoardStore/boards/Xilinx/vcu118/2.0/board.xml as part xcvu9p-flga2104-2l-e specified in board_part file is either invalid or not available
WARNING: [Board 49-26] cannot add Board Part xilinx.com:vcu118:part0:2.3 available at C:/Xilinx/Vivado/2023.1/data/xhub/boards/XilinxBoardStore/boards/Xilinx/vcu118/2.3/board.xml as part xcvu9p-flga2104-2l-e specified in board_part file is either invalid or not available
WARNING: [Board 49-26] cannot add Board Part xilinx.com:vcu118:part0:2.4 available at C:/Xilinx/Vivado/2023.1/data/xhub/boards/XilinxBoardStore/boards/Xilinx/vcu118/2.4/board.xml as part xcvu9p-flga2104-2l-e specified in board_part file is either invalid or not available
WARNING: [Board 49-26] cannot add Board Part xilinx.com:vcu128:part0:1.0 available at C:/Xilinx/Vivado/2023.1/data/xhub/boards/XilinxBoardStore/boards/Xilinx/vcu128/production/1.0/board.xml as part xcvu37p-fsvh2892-2l-e specified in board_part file is either invalid or not available
WARNING: [Board 49-26] cannot add Board Part xilinx.com:vcu129:part0:1.0 available at C:/Xilinx/Vivado/2023.1/data/xhub/boards/XilinxBoardStore/boards/Xilinx/vcu129/production/1.0/board.xml as part xcvu29p-fsga2577-2l-e specified in board_part file is either invalid or not available
WARNING: [Board 49-26] cannot add Board Part xilinx.com:vcu1525:part0:1.3 available at C:/Xilinx/Vivado/2023.1/data/xhub/boards/XilinxBoardStore/boards/Xilinx/vcu1525/1.3/board.xml as part xcvu9p-fsgd2104-2l-e specified in board_part file is either invalid or not available
WARNING: [Board 49-26] cannot add Board Part xilinx.com:vek280_es:part0:1.0 available at C:/Xilinx/Vivado/2023.1/data/xhub/boards/XilinxBoardStore/boards/Xilinx/vek280/es/rev_a/1.0/board.xml as part xcve2802-vsvh1760-2lp-e-s-es1 specified in board_part file is either invalid or not available
WARNING: [Board 49-26] cannot add Board Part xilinx.com:vek280_es:part0:1.1 available at C:/Xilinx/Vivado/2023.1/data/xhub/boards/XilinxBoardStore/boards/Xilinx/vek280/es/rev_a/1.1/board.xml as part xcve2802-vsvh1760-2lp-e-s-es1 specified in board_part file is either invalid or not available
WARNING: [Board 49-26] cannot add Board Part xilinx.com:vek280_es_revb:part0:1.0 available at C:/Xilinx/Vivado/2023.1/data/xhub/boards/XilinxBoardStore/boards/Xilinx/vek280/es/rev_b/1.0/board.xml as part xcve2802-vsvh1760-2mp-e-s-es1 specified in board_part file is either invalid or not available
WARNING: [Board 49-26] cannot add Board Part xilinx.com:vek280_es_revb:part0:1.1 available at C:/Xilinx/Vivado/2023.1/data/xhub/boards/XilinxBoardStore/boards/Xilinx/vek280/es/rev_b/1.1/board.xml as part xcve2802-vsvh1760-2mp-e-s-es1 specified in board_part file is either invalid or not available
WARNING: [Board 49-26] cannot add Board Part xilinx.com:vermeo_t1_mpsoc:part0:1.0 available at C:/Xilinx/Vivado/2023.1/data/xhub/boards/XilinxBoardStore/boards/Xilinx/vermeo_t1_mpsoc/1.0/board.xml as part xczu19eg-ffvd1760-2l-e specified in board_part file is either invalid or not available
WARNING: [Board 49-26] cannot add Board Part xilinx.com:vermeo_t1_rfsoc:part0:1.0 available at C:/Xilinx/Vivado/2023.1/data/xhub/boards/XilinxBoardStore/boards/Xilinx/vermeo_t1_rfsoc/1.0/board.xml as part xczu21dr-ffvd1156-2l-e specified in board_part file is either invalid or not available
WARNING: [Board 49-26] cannot add Board Part xilinx.com:vhk158:part0:1.0 available at C:/Xilinx/Vivado/2023.1/data/xhub/boards/XilinxBoardStore/boards/Xilinx/vhk158/production/1.0/board.xml as part xcvh1582-vsva3697-2mp-e-s specified in board_part file is either invalid or not available
WARNING: [Board 49-26] cannot add Board Part xilinx.com:vhk158_es:part0:1.0 available at C:/Xilinx/Vivado/2023.1/data/xhub/boards/XilinxBoardStore/boards/Xilinx/vhk158/es/1.0/board.xml as part xcvh1582-vsva3697-2mp-e-s-es1 specified in board_part file is either invalid or not available
WARNING: [Board 49-26] cannot add Board Part xilinx.com:vhk158_es:part0:1.1 available at C:/Xilinx/Vivado/2023.1/data/xhub/boards/XilinxBoardStore/boards/Xilinx/vhk158/es/1.1/board.xml as part xcvh1582-vsva3697-2mp-e-s-es1 specified in board_part file is either invalid or not available
WARNING: [Board 49-26] cannot add Board Part xilinx.com:vmk180:part0:2.2 available at C:/Xilinx/Vivado/2023.1/data/xhub/boards/XilinxBoardStore/boards/Xilinx/vmk180/production/2.2/board.xml as part xcvm1802-vsva2197-2mp-e-s specified in board_part file is either invalid or not available
WARNING: [Board 49-26] cannot add Board Part xilinx.com:vmk180:part0:3.0 available at C:/Xilinx/Vivado/2023.1/data/xhub/boards/XilinxBoardStore/boards/Xilinx/vmk180/production/3.0/board.xml as part xcvm1802-vsva2197-2mp-e-s specified in board_part file is either invalid or not available
WARNING: [Board 49-26] cannot add Board Part xilinx.com:vmk180:part0:3.1 available at C:/Xilinx/Vivado/2023.1/data/xhub/boards/XilinxBoardStore/boards/Xilinx/vmk180/production/3.1/board.xml as part xcvm1802-vsva2197-2mp-e-s specified in board_part file is either invalid or not available
WARNING: [Board 49-26] cannot add Board Part xilinx.com:vmk180:part0:3.2 available at C:/Xilinx/Vivado/2023.1/data/xhub/boards/XilinxBoardStore/boards/Xilinx/vmk180/production/3.2/board.xml as part xcvm1802-vsva2197-2mp-e-s specified in board_part file is either invalid or not available
WARNING: [Board 49-26] cannot add Board Part xilinx.com:vmk180_newl:part0:1.0 available at C:/Xilinx/Vivado/2023.1/data/xhub/boards/XilinxBoardStore/boards/Xilinx/vmk180_newl/production/1.0/board.xml as part xcvm1802-vsva2197-2mp-e-s specified in board_part file is either invalid or not available
WARNING: [Board 49-26] cannot add Board Part xilinx.com:vmk180_newl:part0:1.1 available at C:/Xilinx/Vivado/2023.1/data/xhub/boards/XilinxBoardStore/boards/Xilinx/vmk180_newl/production/1.1/board.xml as part xcvm1802-vsva2197-2mp-e-s specified in board_part file is either invalid or not available
WARNING: [Board 49-26] cannot add Board Part xilinx.com:vpk120:part0:1.0 available at C:/Xilinx/Vivado/2023.1/data/xhub/boards/XilinxBoardStore/boards/Xilinx/vpk120/production/1.0/board.xml as part xcvp1202-vsva2785-2mp-e-s specified in board_part file is either invalid or not available
WARNING: [Board 49-26] cannot add Board Part xilinx.com:vpk120:part0:1.1 available at C:/Xilinx/Vivado/2023.1/data/xhub/boards/XilinxBoardStore/boards/Xilinx/vpk120/production/1.1/board.xml as part xcvp1202-vsva2785-2mp-e-s specified in board_part file is either invalid or not available
WARNING: [Board 49-26] cannot add Board Part xilinx.com:vpk120_es:part0:1.2 available at C:/Xilinx/Vivado/2023.1/data/xhub/boards/XilinxBoardStore/boards/Xilinx/vpk120/es/1.2/board.xml as part xcvp1202-vsva2785-2mp-e-s-es1 specified in board_part file is either invalid or not available
WARNING: [Board 49-26] cannot add Board Part xilinx.com:vpk120_es:part0:1.3 available at C:/Xilinx/Vivado/2023.1/data/xhub/boards/XilinxBoardStore/boards/Xilinx/vpk120/es/1.3/board.xml as part xcvp1202-vsva2785-2mp-e-s-es1 specified in board_part file is either invalid or not available
WARNING: [Board 49-26] cannot add Board Part xilinx.com:vpk120_es_revb:part0:1.0 available at C:/Xilinx/Vivado/2023.1/data/xhub/boards/XilinxBoardStore/boards/Xilinx/vpk120_revb/es/1.0/board.xml as part xcvp1202-vsva2785-2mp-e-s-es1 specified in board_part file is either invalid or not available
WARNING: [Board 49-26] cannot add Board Part xilinx.com:vpk120_es_revb:part0:1.1 available at C:/Xilinx/Vivado/2023.1/data/xhub/boards/XilinxBoardStore/boards/Xilinx/vpk120_revb/es/1.1/board.xml as part xcvp1202-vsva2785-2mp-e-s-es1 specified in board_part file is either invalid or not available
WARNING: [Board 49-26] cannot add Board Part xilinx.com:vpk180:part0:1.0 available at C:/Xilinx/Vivado/2023.1/data/xhub/boards/XilinxBoardStore/boards/Xilinx/vpk180/production/1.0/board.xml as part xcvp1802-lsvc4072-2mp-e-s specified in board_part file is either invalid or not available
WARNING: [Board 49-26] cannot add Board Part xilinx.com:vpk180:part0:1.1 available at C:/Xilinx/Vivado/2023.1/data/xhub/boards/XilinxBoardStore/boards/Xilinx/vpk180/production/1.1/board.xml as part xcvp1802-lsvc4072-2mp-e-s specified in board_part file is either invalid or not available
WARNING: [Board 49-26] cannot add Board Part xilinx.com:vpk180_es:part0:1.0 available at C:/Xilinx/Vivado/2023.1/data/xhub/boards/XilinxBoardStore/boards/Xilinx/vpk180/es/1.0/board.xml as part xcvp1802-lsvc4072-2mp-e-s-es1 specified in board_part file is either invalid or not available
WARNING: [Board 49-26] cannot add Board Part xilinx.com:vpk180_es:part0:1.1 available at C:/Xilinx/Vivado/2023.1/data/xhub/boards/XilinxBoardStore/boards/Xilinx/vpk180/es/1.1/board.xml as part xcvp1802-lsvc4072-2mp-e-s-es1 specified in board_part file is either invalid or not available
WARNING: [Board 49-26] cannot add Board Part xilinx.com:zc702:part0:1.4 available at C:/Xilinx/Vivado/2023.1/data/xhub/boards/XilinxBoardStore/boards/Xilinx/zc702/1.4/board.xml as part xc7z020clg484-1 specified in board_part file is either invalid or not available
WARNING: [Board 49-26] cannot add Board Part xilinx.com:zc706:part0:1.4 available at C:/Xilinx/Vivado/2023.1/data/xhub/boards/XilinxBoardStore/boards/Xilinx/zc706/1.4/board.xml as part xc7z045ffg900-2 specified in board_part file is either invalid or not available
WARNING: [Board 49-26] cannot add Board Part xilinx.com:zcu102:part0:3.3 available at C:/Xilinx/Vivado/2023.1/data/xhub/boards/XilinxBoardStore/boards/Xilinx/zcu102/3.3/board.xml as part xczu9eg-ffvb1156-2-e specified in board_part file is either invalid or not available
WARNING: [Board 49-26] cannot add Board Part xilinx.com:zcu102:part0:3.4 available at C:/Xilinx/Vivado/2023.1/data/xhub/boards/XilinxBoardStore/boards/Xilinx/zcu102/3.4/board.xml as part xczu9eg-ffvb1156-2-e specified in board_part file is either invalid or not available
WARNING: [Board 49-26] cannot add Board Part xilinx.com:zcu104:part0:1.1 available at C:/Xilinx/Vivado/2023.1/data/xhub/boards/XilinxBoardStore/boards/Xilinx/zcu104/1.1/board.xml as part xczu7ev-ffvc1156-2-e specified in board_part file is either invalid or not available
WARNING: [Board 49-26] cannot add Board Part xilinx.com:zcu106:part0:2.4 available at C:/Xilinx/Vivado/2023.1/data/xhub/boards/XilinxBoardStore/boards/Xilinx/zcu106/2.4/board.xml as part xczu7ev-ffvc1156-2-e specified in board_part file is either invalid or not available
WARNING: [Board 49-26] cannot add Board Part xilinx.com:zcu106:part0:2.5 available at C:/Xilinx/Vivado/2023.1/data/xhub/boards/XilinxBoardStore/boards/Xilinx/zcu106/2.5/board.xml as part xczu7ev-ffvc1156-2-e specified in board_part file is either invalid or not available
WARNING: [Board 49-26] cannot add Board Part xilinx.com:zcu106:part0:2.6 available at C:/Xilinx/Vivado/2023.1/data/xhub/boards/XilinxBoardStore/boards/Xilinx/zcu106/2.6/board.xml as part xczu7ev-ffvc1156-2-e specified in board_part file is either invalid or not available
WARNING: [Board 49-26] cannot add Board Part xilinx.com:zcu111:part0:1.2 available at C:/Xilinx/Vivado/2023.1/data/xhub/boards/XilinxBoardStore/boards/Xilinx/zcu111/1.2/board.xml as part xczu28dr-ffvg1517-2-e specified in board_part file is either invalid or not available
WARNING: [Board 49-26] cannot add Board Part xilinx.com:zcu111:part0:1.3 available at C:/Xilinx/Vivado/2023.1/data/xhub/boards/XilinxBoardStore/boards/Xilinx/zcu111/1.3/board.xml as part xczu28dr-ffvg1517-2-e specified in board_part file is either invalid or not available
WARNING: [Board 49-26] cannot add Board Part xilinx.com:zcu111:part0:1.4 available at C:/Xilinx/Vivado/2023.1/data/xhub/boards/XilinxBoardStore/boards/Xilinx/zcu111/1.4/board.xml as part xczu28dr-ffvg1517-2-e specified in board_part file is either invalid or not available
WARNING: [Board 49-26] cannot add Board Part xilinx.com:zcu1275:part0:1.0 available at C:/Xilinx/Vivado/2023.1/data/xhub/boards/XilinxBoardStore/boards/Xilinx/zcu1275/1.0/board.xml as part xczu29dr-ffvf1760-2-e specified in board_part file is either invalid or not available
WARNING: [Board 49-26] cannot add Board Part xilinx.com:zcu1285:part0:1.0 available at C:/Xilinx/Vivado/2023.1/data/xhub/boards/XilinxBoardStore/boards/Xilinx/zcu1285/1.0/board.xml as part xczu39dr-ffvf1760-2-i specified in board_part file is either invalid or not available
WARNING: [Board 49-26] cannot add Board Part xilinx.com:zcu208:part0:2.0 available at C:/Xilinx/Vivado/2023.1/data/xhub/boards/XilinxBoardStore/boards/Xilinx/zcu208/production/2.0/board.xml as part xczu48dr-fsvg1517-2-e specified in board_part file is either invalid or not available
WARNING: [Board 49-26] cannot add Board Part xilinx.com:zcu208ld:part0:2.0 available at C:/Xilinx/Vivado/2023.1/data/xhub/boards/XilinxBoardStore/boards/Xilinx/zcu208ld/production/2.0/board.xml as part xczu58dr-fsvg1517-2-i specified in board_part file is either invalid or not available
WARNING: [Board 49-26] cannot add Board Part xilinx.com:zcu216:part0:2.0 available at C:/Xilinx/Vivado/2023.1/data/xhub/boards/XilinxBoardStore/boards/Xilinx/zcu216/production/2.0/board.xml as part xczu49dr-ffvf1760-2-e specified in board_part file is either invalid or not available
WARNING: [Board 49-26] cannot add Board Part xilinx.com:zcu216ld:part0:2.0 available at C:/Xilinx/Vivado/2023.1/data/xhub/boards/XilinxBoardStore/boards/Xilinx/zcu216ld/production/2.0/board.xml as part xczu59dr-ffvf1760-2-i specified in board_part file is either invalid or not available
WARNING: [Board 49-26] cannot add Board Part xilinx.com:zcu670:part0:2.0 available at C:/Xilinx/Vivado/2023.1/data/xhub/boards/XilinxBoardStore/boards/Xilinx/zcu670/2.0/board.xml as part xczu67dr-fsve1156-2-i specified in board_part file is either invalid or not available
WARNING: [Board 49-26] cannot add Board Part xilinx.com:zcu670ld:part0:1.0 available at C:/Xilinx/Vivado/2023.1/data/xhub/boards/XilinxBoardStore/boards/Xilinx/zcu670ld/1.0/board.xml as part xczu57dr-fsve1156-2-i specified in board_part file is either invalid or not available
INFO: [Project 1-313] Project file moved from 'D:/SED/MaquinaExp_G20' since last save.
INFO: [filemgmt 56-3] Default IP Output Path : Could not find the directory 'C:/Users/diego/OneDrive/Documentos/TRABAJO_SED_VHDL_G20/MaquinaExp_G20/MaquinaExp_G20.gen/sources_1'.
Scanning sources...
Finished scanning sources
INFO: [IP_Flow 19-234] Refreshing IP repositories
INFO: [IP_Flow 19-1704] No user IP repositories specified
INFO: [IP_Flow 19-2313] Loaded Vivado IP repository 'C:/Xilinx/Vivado/2023.1/data/ip'.
open_project: Time (s): cpu = 00:00:40 ; elapsed = 00:00:20 . Memory (MB): peak = 1516.012 ; gain = 486.402
update_compile_order -fileset sources_1
synth_design -top MAQ_EXP -part xc7a100tcsg324-1 -lint 
Command: synth_design -top MAQ_EXP -part xc7a100tcsg324-1 -lint
Starting synth_design
Attempting to get a license for feature 'Synthesis' and/or device 'xc7a100t'
INFO: [Common 17-349] Got license for feature 'Synthesis' and/or device 'xc7a100t'
INFO: [Device 21-403] Loading part xc7a100tcsg324-1
---------------------------------------------------------------------------------
Starting RTL Elaboration : Time (s): cpu = 00:00:04 ; elapsed = 00:00:05 . Memory (MB): peak = 2311.914 ; gain = 396.523
---------------------------------------------------------------------------------
Clean up Linter database...
INFO: [Synth 8-638] synthesizing module 'MAQ_EXP' [C:/Users/diego/OneDrive/Documentos/TRABAJO_SED_VHDL_G20/MaquinaExp_G20/MaquinaExp_G20.srcs/sources_1/new/MAQ_EXP.vhd:44]
INFO: [Synth 8-3491] module 'SYNCHRNZR' declared at 'C:/Users/diego/OneDrive/Documentos/TRABAJO_SED_VHDL_G20/MaquinaExp_G20/MaquinaExp_G20.srcs/sources_1/new/SYNCHRONIZER.vhd:34' bound to instance 'SYNC' of component 'SYNCHRNZR' [C:/Users/diego/OneDrive/Documentos/TRABAJO_SED_VHDL_G20/MaquinaExp_G20/MaquinaExp_G20.srcs/sources_1/new/MAQ_EXP.vhd:93]
INFO: [Synth 8-638] synthesizing module 'SYNCHRNZR' [C:/Users/diego/OneDrive/Documentos/TRABAJO_SED_VHDL_G20/MaquinaExp_G20/MaquinaExp_G20.srcs/sources_1/new/SYNCHRONIZER.vhd:42]
INFO: [Synth 8-256] done synthesizing module 'SYNCHRNZR' (1#1) [C:/Users/diego/OneDrive/Documentos/TRABAJO_SED_VHDL_G20/MaquinaExp_G20/MaquinaExp_G20.srcs/sources_1/new/SYNCHRONIZER.vhd:42]
INFO: [Synth 8-3491] module 'EDGE_DETECTOR' declared at 'C:/Users/diego/OneDrive/Documentos/TRABAJO_SED_VHDL_G20/MaquinaExp_G20/MaquinaExp_G20.srcs/sources_1/new/EDGE_DETECTOR.vhd:34' bound to instance 'EDGE' of component 'EDGE_DETECTOR' [C:/Users/diego/OneDrive/Documentos/TRABAJO_SED_VHDL_G20/MaquinaExp_G20/MaquinaExp_G20.srcs/sources_1/new/MAQ_EXP.vhd:102]
INFO: [Synth 8-638] synthesizing module 'EDGE_DETECTOR' [C:/Users/diego/OneDrive/Documentos/TRABAJO_SED_VHDL_G20/MaquinaExp_G20/MaquinaExp_G20.srcs/sources_1/new/EDGE_DETECTOR.vhd:40]
INFO: [Synth 8-256] done synthesizing module 'EDGE_DETECTOR' (2#1) [C:/Users/diego/OneDrive/Documentos/TRABAJO_SED_VHDL_G20/MaquinaExp_G20/MaquinaExp_G20.srcs/sources_1/new/EDGE_DETECTOR.vhd:40]
INFO: [Synth 8-3491] module 'COUNTER' declared at 'C:/Users/diego/OneDrive/Documentos/TRABAJO_SED_VHDL_G20/MaquinaExp_G20/MaquinaExp_G20.srcs/sources_1/new/COUNTER.vhd:34' bound to instance 'CTR' of component 'COUNTER' [C:/Users/diego/OneDrive/Documentos/TRABAJO_SED_VHDL_G20/MaquinaExp_G20/MaquinaExp_G20.srcs/sources_1/new/MAQ_EXP.vhd:107]
INFO: [Synth 8-638] synthesizing module 'COUNTER' [C:/Users/diego/OneDrive/Documentos/TRABAJO_SED_VHDL_G20/MaquinaExp_G20/MaquinaExp_G20.srcs/sources_1/new/COUNTER.vhd:44]
INFO: [Synth 8-256] done synthesizing module 'COUNTER' (3#1) [C:/Users/diego/OneDrive/Documentos/TRABAJO_SED_VHDL_G20/MaquinaExp_G20/MaquinaExp_G20.srcs/sources_1/new/COUNTER.vhd:44]
INFO: [Synth 8-3491] module 'FSM' declared at 'C:/Users/diego/OneDrive/Documentos/TRABAJO_SED_VHDL_G20/MaquinaExp_G20/MaquinaExp_G20.srcs/sources_1/new/FSM.vhd:34' bound to instance 'ESTADOS' of component 'FSM' [C:/Users/diego/OneDrive/Documentos/TRABAJO_SED_VHDL_G20/MaquinaExp_G20/MaquinaExp_G20.srcs/sources_1/new/MAQ_EXP.vhd:116]
INFO: [Synth 8-638] synthesizing module 'FSM' [C:/Users/diego/OneDrive/Documentos/TRABAJO_SED_VHDL_G20/MaquinaExp_G20/MaquinaExp_G20.srcs/sources_1/new/FSM.vhd:45]
INFO: [Synth 8-256] done synthesizing module 'FSM' (4#1) [C:/Users/diego/OneDrive/Documentos/TRABAJO_SED_VHDL_G20/MaquinaExp_G20/MaquinaExp_G20.srcs/sources_1/new/FSM.vhd:45]
INFO: [Synth 8-256] done synthesizing module 'MAQ_EXP' (5#1) [C:/Users/diego/OneDrive/Documentos/TRABAJO_SED_VHDL_G20/MaquinaExp_G20/MaquinaExp_G20.srcs/sources_1/new/MAQ_EXP.vhd:44]
---------------------------------------------------------------------------------
Finished RTL Elaboration : Time (s): cpu = 00:00:06 ; elapsed = 00:00:07 . Memory (MB): peak = 2414.328 ; gain = 498.938
---------------------------------------------------------------------------------
Copyright 1986-2022 Xilinx, Inc. All Rights Reserved. Copyright 2022-2023 Advanced Micro Devices, Inc. All Rights Reserved.
---------------------------------------------------------------------------------------------------------------------------------------------
| Tool Version : Vivado v.2023.1 (win64) Build 3865809 Sun May  7 15:05:29 MDT 2023
| Date         : Sat Dec 16 15:52:09 2023
| Host         : LAPTOP-9VF0APCD running 64-bit major release  (build 9200)
---------------------------------------------------------------------------------------------------------------------------------------------

RTL Linter Report

Table of Contents
-----------------
1. Summary

1. Summary
----------

+---------+--------------+----------+
| Rule ID | # Violations | # Waived |
+---------+--------------+----------+


INFO: [Synth 37-85] Total of 0 linter message(s) generated.
INFO: [Synth 37-45] Linter Run Finished!
Netlist sorting complete. Time (s): cpu = 00:00:00 ; elapsed = 00:00:00.001 . Memory (MB): peak = 2414.328 ; gain = 0.000
INFO: [Project 1-570] Preparing netlist for logic optimization

Processing XDC Constraints
Initializing timing engine
Parsing XDC File [C:/Users/diego/Downloads/Nexys4DDR_Master.xdc]
Finished Parsing XDC File [C:/Users/diego/Downloads/Nexys4DDR_Master.xdc]
Completed Processing XDC Constraints

INFO: [Opt 31-138] Pushed 0 inverter(s) to 0 load pin(s).
Netlist sorting complete. Time (s): cpu = 00:00:00 ; elapsed = 00:00:00 . Memory (MB): peak = 2467.480 ; gain = 0.000
INFO: [Common 17-83] Releasing license: Synthesis
21 Infos, 0 Warnings, 0 Critical Warnings and 0 Errors encountered.
synth_design completed successfully
synth_design: Time (s): cpu = 00:00:12 ; elapsed = 00:00:21 . Memory (MB): peak = 2467.480 ; gain = 912.332
set_property needs_refresh false [get_runs synth_1]
set_property needs_refresh false [get_runs impl_1]
synth_design -top MAQ_EXP -part xc7a100tcsg324-1 -lint 
Command: synth_design -top MAQ_EXP -part xc7a100tcsg324-1 -lint
Starting synth_design
Attempting to get a license for feature 'Synthesis' and/or device 'xc7a100t'
INFO: [Common 17-349] Got license for feature 'Synthesis' and/or device 'xc7a100t'
---------------------------------------------------------------------------------
Starting RTL Elaboration : Time (s): cpu = 00:00:05 ; elapsed = 00:00:05 . Memory (MB): peak = 2467.480 ; gain = 0.000
---------------------------------------------------------------------------------
Clean up Linter database...
INFO: [Synth 8-638] synthesizing module 'MAQ_EXP' [C:/Users/diego/OneDrive/Documentos/TRABAJO_SED_VHDL_G20/MaquinaExp_G20/MaquinaExp_G20.srcs/sources_1/new/MAQ_EXP.vhd:44]
INFO: [Synth 8-3491] module 'SYNCHRNZR' declared at 'C:/Users/diego/OneDrive/Documentos/TRABAJO_SED_VHDL_G20/MaquinaExp_G20/MaquinaExp_G20.srcs/sources_1/new/SYNCHRONIZER.vhd:34' bound to instance 'SYNC' of component 'SYNCHRNZR' [C:/Users/diego/OneDrive/Documentos/TRABAJO_SED_VHDL_G20/MaquinaExp_G20/MaquinaExp_G20.srcs/sources_1/new/MAQ_EXP.vhd:93]
INFO: [Synth 8-638] synthesizing module 'SYNCHRNZR' [C:/Users/diego/OneDrive/Documentos/TRABAJO_SED_VHDL_G20/MaquinaExp_G20/MaquinaExp_G20.srcs/sources_1/new/SYNCHRONIZER.vhd:42]
INFO: [Synth 8-256] done synthesizing module 'SYNCHRNZR' (1#1) [C:/Users/diego/OneDrive/Documentos/TRABAJO_SED_VHDL_G20/MaquinaExp_G20/MaquinaExp_G20.srcs/sources_1/new/SYNCHRONIZER.vhd:42]
INFO: [Synth 8-3491] module 'EDGE_DETECTOR' declared at 'C:/Users/diego/OneDrive/Documentos/TRABAJO_SED_VHDL_G20/MaquinaExp_G20/MaquinaExp_G20.srcs/sources_1/new/EDGE_DETECTOR.vhd:34' bound to instance 'EDGE' of component 'EDGE_DETECTOR' [C:/Users/diego/OneDrive/Documentos/TRABAJO_SED_VHDL_G20/MaquinaExp_G20/MaquinaExp_G20.srcs/sources_1/new/MAQ_EXP.vhd:102]
INFO: [Synth 8-638] synthesizing module 'EDGE_DETECTOR' [C:/Users/diego/OneDrive/Documentos/TRABAJO_SED_VHDL_G20/MaquinaExp_G20/MaquinaExp_G20.srcs/sources_1/new/EDGE_DETECTOR.vhd:40]
INFO: [Synth 8-256] done synthesizing module 'EDGE_DETECTOR' (2#1) [C:/Users/diego/OneDrive/Documentos/TRABAJO_SED_VHDL_G20/MaquinaExp_G20/MaquinaExp_G20.srcs/sources_1/new/EDGE_DETECTOR.vhd:40]
INFO: [Synth 8-3491] module 'COUNTER' declared at 'C:/Users/diego/OneDrive/Documentos/TRABAJO_SED_VHDL_G20/MaquinaExp_G20/MaquinaExp_G20.srcs/sources_1/new/COUNTER.vhd:34' bound to instance 'CTR' of component 'COUNTER' [C:/Users/diego/OneDrive/Documentos/TRABAJO_SED_VHDL_G20/MaquinaExp_G20/MaquinaExp_G20.srcs/sources_1/new/MAQ_EXP.vhd:107]
INFO: [Synth 8-638] synthesizing module 'COUNTER' [C:/Users/diego/OneDrive/Documentos/TRABAJO_SED_VHDL_G20/MaquinaExp_G20/MaquinaExp_G20.srcs/sources_1/new/COUNTER.vhd:44]
INFO: [Synth 8-256] done synthesizing module 'COUNTER' (3#1) [C:/Users/diego/OneDrive/Documentos/TRABAJO_SED_VHDL_G20/MaquinaExp_G20/MaquinaExp_G20.srcs/sources_1/new/COUNTER.vhd:44]
INFO: [Synth 8-3491] module 'FSM' declared at 'C:/Users/diego/OneDrive/Documentos/TRABAJO_SED_VHDL_G20/MaquinaExp_G20/MaquinaExp_G20.srcs/sources_1/new/FSM.vhd:34' bound to instance 'ESTADOS' of component 'FSM' [C:/Users/diego/OneDrive/Documentos/TRABAJO_SED_VHDL_G20/MaquinaExp_G20/MaquinaExp_G20.srcs/sources_1/new/MAQ_EXP.vhd:116]
INFO: [Synth 8-638] synthesizing module 'FSM' [C:/Users/diego/OneDrive/Documentos/TRABAJO_SED_VHDL_G20/MaquinaExp_G20/MaquinaExp_G20.srcs/sources_1/new/FSM.vhd:45]
INFO: [Synth 8-256] done synthesizing module 'FSM' (4#1) [C:/Users/diego/OneDrive/Documentos/TRABAJO_SED_VHDL_G20/MaquinaExp_G20/MaquinaExp_G20.srcs/sources_1/new/FSM.vhd:45]
INFO: [Synth 8-256] done synthesizing module 'MAQ_EXP' (5#1) [C:/Users/diego/OneDrive/Documentos/TRABAJO_SED_VHDL_G20/MaquinaExp_G20/MaquinaExp_G20.srcs/sources_1/new/MAQ_EXP.vhd:44]
---------------------------------------------------------------------------------
Finished RTL Elaboration : Time (s): cpu = 00:00:06 ; elapsed = 00:00:06 . Memory (MB): peak = 2467.480 ; gain = 0.000
---------------------------------------------------------------------------------
Copyright 1986-2022 Xilinx, Inc. All Rights Reserved. Copyright 2022-2023 Advanced Micro Devices, Inc. All Rights Reserved.
---------------------------------------------------------------------------------------------------------------------------------------------
| Tool Version : Vivado v.2023.1 (win64) Build 3865809 Sun May  7 15:05:29 MDT 2023
| Date         : Sat Dec 16 15:59:18 2023
| Host         : LAPTOP-9VF0APCD running 64-bit major release  (build 9200)
---------------------------------------------------------------------------------------------------------------------------------------------

RTL Linter Report

Table of Contents
-----------------
1. Summary

1. Summary
----------

+---------+--------------+----------+
| Rule ID | # Violations | # Waived |
+---------+--------------+----------+


INFO: [Synth 37-85] Total of 0 linter message(s) generated.
INFO: [Synth 37-45] Linter Run Finished!
Netlist sorting complete. Time (s): cpu = 00:00:00 ; elapsed = 00:00:00 . Memory (MB): peak = 2467.480 ; gain = 0.000
INFO: [Project 1-570] Preparing netlist for logic optimization

Processing XDC Constraints
Initializing timing engine
Parsing XDC File [C:/Users/diego/Downloads/Nexys4DDR_Master.xdc]
Finished Parsing XDC File [C:/Users/diego/Downloads/Nexys4DDR_Master.xdc]
Completed Processing XDC Constraints

INFO: [Opt 31-138] Pushed 0 inverter(s) to 0 load pin(s).
Netlist sorting complete. Time (s): cpu = 00:00:00 ; elapsed = 00:00:00 . Memory (MB): peak = 2481.715 ; gain = 0.000
INFO: [Common 17-83] Releasing license: Synthesis
20 Infos, 0 Warnings, 0 Critical Warnings and 0 Errors encountered.
synth_design completed successfully
synth_design: Time (s): cpu = 00:00:07 ; elapsed = 00:00:07 . Memory (MB): peak = 2481.715 ; gain = 14.234
synth_design -rtl -rtl_skip_mlo -name rtl_1
Command: synth_design -rtl -rtl_skip_mlo -name rtl_1
Starting synth_design
Using part: xc7a100tcsg324-1
Top: MAQ_EXP
---------------------------------------------------------------------------------
Starting RTL Elaboration : Time (s): cpu = 00:00:04 ; elapsed = 00:00:05 . Memory (MB): peak = 2481.715 ; gain = 0.000
---------------------------------------------------------------------------------
INFO: [Synth 8-638] synthesizing module 'MAQ_EXP' [C:/Users/diego/OneDrive/Documentos/TRABAJO_SED_VHDL_G20/MaquinaExp_G20/MaquinaExp_G20.srcs/sources_1/new/MAQ_EXP.vhd:44]
INFO: [Synth 8-3491] module 'SYNCHRNZR' declared at 'C:/Users/diego/OneDrive/Documentos/TRABAJO_SED_VHDL_G20/MaquinaExp_G20/MaquinaExp_G20.srcs/sources_1/new/SYNCHRONIZER.vhd:34' bound to instance 'SYNC' of component 'SYNCHRNZR' [C:/Users/diego/OneDrive/Documentos/TRABAJO_SED_VHDL_G20/MaquinaExp_G20/MaquinaExp_G20.srcs/sources_1/new/MAQ_EXP.vhd:93]
INFO: [Synth 8-638] synthesizing module 'SYNCHRNZR' [C:/Users/diego/OneDrive/Documentos/TRABAJO_SED_VHDL_G20/MaquinaExp_G20/MaquinaExp_G20.srcs/sources_1/new/SYNCHRONIZER.vhd:42]
INFO: [Synth 8-256] done synthesizing module 'SYNCHRNZR' (0#1) [C:/Users/diego/OneDrive/Documentos/TRABAJO_SED_VHDL_G20/MaquinaExp_G20/MaquinaExp_G20.srcs/sources_1/new/SYNCHRONIZER.vhd:42]
INFO: [Synth 8-3491] module 'EDGE_DETECTOR' declared at 'C:/Users/diego/OneDrive/Documentos/TRABAJO_SED_VHDL_G20/MaquinaExp_G20/MaquinaExp_G20.srcs/sources_1/new/EDGE_DETECTOR.vhd:34' bound to instance 'EDGE' of component 'EDGE_DETECTOR' [C:/Users/diego/OneDrive/Documentos/TRABAJO_SED_VHDL_G20/MaquinaExp_G20/MaquinaExp_G20.srcs/sources_1/new/MAQ_EXP.vhd:102]
INFO: [Synth 8-638] synthesizing module 'EDGE_DETECTOR' [C:/Users/diego/OneDrive/Documentos/TRABAJO_SED_VHDL_G20/MaquinaExp_G20/MaquinaExp_G20.srcs/sources_1/new/EDGE_DETECTOR.vhd:40]
INFO: [Synth 8-256] done synthesizing module 'EDGE_DETECTOR' (0#1) [C:/Users/diego/OneDrive/Documentos/TRABAJO_SED_VHDL_G20/MaquinaExp_G20/MaquinaExp_G20.srcs/sources_1/new/EDGE_DETECTOR.vhd:40]
INFO: [Synth 8-3491] module 'COUNTER' declared at 'C:/Users/diego/OneDrive/Documentos/TRABAJO_SED_VHDL_G20/MaquinaExp_G20/MaquinaExp_G20.srcs/sources_1/new/COUNTER.vhd:34' bound to instance 'CTR' of component 'COUNTER' [C:/Users/diego/OneDrive/Documentos/TRABAJO_SED_VHDL_G20/MaquinaExp_G20/MaquinaExp_G20.srcs/sources_1/new/MAQ_EXP.vhd:107]
INFO: [Synth 8-638] synthesizing module 'COUNTER' [C:/Users/diego/OneDrive/Documentos/TRABAJO_SED_VHDL_G20/MaquinaExp_G20/MaquinaExp_G20.srcs/sources_1/new/COUNTER.vhd:44]
INFO: [Synth 8-256] done synthesizing module 'COUNTER' (0#1) [C:/Users/diego/OneDrive/Documentos/TRABAJO_SED_VHDL_G20/MaquinaExp_G20/MaquinaExp_G20.srcs/sources_1/new/COUNTER.vhd:44]
INFO: [Synth 8-3491] module 'FSM' declared at 'C:/Users/diego/OneDrive/Documentos/TRABAJO_SED_VHDL_G20/MaquinaExp_G20/MaquinaExp_G20.srcs/sources_1/new/FSM.vhd:34' bound to instance 'ESTADOS' of component 'FSM' [C:/Users/diego/OneDrive/Documentos/TRABAJO_SED_VHDL_G20/MaquinaExp_G20/MaquinaExp_G20.srcs/sources_1/new/MAQ_EXP.vhd:116]
INFO: [Synth 8-638] synthesizing module 'FSM' [C:/Users/diego/OneDrive/Documentos/TRABAJO_SED_VHDL_G20/MaquinaExp_G20/MaquinaExp_G20.srcs/sources_1/new/FSM.vhd:45]
INFO: [Synth 8-256] done synthesizing module 'FSM' (0#1) [C:/Users/diego/OneDrive/Documentos/TRABAJO_SED_VHDL_G20/MaquinaExp_G20/MaquinaExp_G20.srcs/sources_1/new/FSM.vhd:45]
INFO: [Synth 8-256] done synthesizing module 'MAQ_EXP' (0#1) [C:/Users/diego/OneDrive/Documentos/TRABAJO_SED_VHDL_G20/MaquinaExp_G20/MaquinaExp_G20.srcs/sources_1/new/MAQ_EXP.vhd:44]
---------------------------------------------------------------------------------
Finished RTL Elaboration : Time (s): cpu = 00:00:06 ; elapsed = 00:00:06 . Memory (MB): peak = 2481.715 ; gain = 0.000
---------------------------------------------------------------------------------
---------------------------------------------------------------------------------
Start Handling Custom Attributes
---------------------------------------------------------------------------------
---------------------------------------------------------------------------------
Finished Handling Custom Attributes : Time (s): cpu = 00:00:06 ; elapsed = 00:00:07 . Memory (MB): peak = 2481.715 ; gain = 0.000
---------------------------------------------------------------------------------
---------------------------------------------------------------------------------
Finished RTL Optimization Phase 1 : Time (s): cpu = 00:00:06 ; elapsed = 00:00:07 . Memory (MB): peak = 2481.715 ; gain = 0.000
---------------------------------------------------------------------------------
Netlist sorting complete. Time (s): cpu = 00:00:00 ; elapsed = 00:00:00.001 . Memory (MB): peak = 2481.715 ; gain = 0.000
INFO: [Project 1-570] Preparing netlist for logic optimization

Processing XDC Constraints
Initializing timing engine
Parsing XDC File [C:/Users/diego/Downloads/Nexys4DDR_Master.xdc]
Finished Parsing XDC File [C:/Users/diego/Downloads/Nexys4DDR_Master.xdc]
Completed Processing XDC Constraints

Netlist sorting complete. Time (s): cpu = 00:00:00 ; elapsed = 00:00:00 . Memory (MB): peak = 2565.559 ; gain = 0.000
INFO: [Project 1-111] Unisim Transformation Summary:
No Unisim elements were transformed.

RTL Elaboration Complete:  : Time (s): cpu = 00:00:14 ; elapsed = 00:00:10 . Memory (MB): peak = 2583.133 ; gain = 101.418
16 Infos, 0 Warnings, 0 Critical Warnings and 0 Errors encountered.
synth_design completed successfully
synth_design: Time (s): cpu = 00:00:14 ; elapsed = 00:00:10 . Memory (MB): peak = 2583.133 ; gain = 101.418
exit
INFO: [Common 17-206] Exiting Vivado at Sat Dec 16 16:54:19 2023...
