
*** Running vivado
    with args -log MAQ_EXP.vds -m64 -product Vivado -mode batch -messageDb vivado.pb -notrace -source MAQ_EXP.tcl


ECHO est  desactivado.
ECHO est  desactivado.

****** Vivado v2023.1 (64-bit)
  **** SW Build 3865809 on Sun May  7 15:05:29 MDT 2023
  **** IP Build 3864474 on Sun May  7 20:36:21 MDT 2023
  **** SharedData Build 3865790 on Sun May 07 13:33:03 MDT 2023
    ** Copyright 1986-2022 Xilinx, Inc. All Rights Reserved.
    ** Copyright 2022-2023 Advanced Micro Devices, Inc. All Rights Reserved.

source MAQ_EXP.tcl -notrace
create_project: Time (s): cpu = 00:00:08 ; elapsed = 00:00:08 . Memory (MB): peak = 460.277 ; gain = 197.203
Command: read_checkpoint -auto_incremental -incremental C:/Users/diego/OneDrive/Documentos/TRABAJO_SED_VHDL_G20/MaquinaExp_G20/MaquinaExp_G20.srcs/utils_1/imports/synth_1/MAQ_EXP.dcp
INFO: [Vivado 12-5825] Read reference checkpoint from C:/Users/diego/OneDrive/Documentos/TRABAJO_SED_VHDL_G20/MaquinaExp_G20/MaquinaExp_G20.srcs/utils_1/imports/synth_1/MAQ_EXP.dcp for incremental synthesis
INFO: [Vivado 12-7989] Please ensure there are no constraint changes
Command: synth_design -top MAQ_EXP -part xc7a100tcsg324-1
Starting synth_design
Attempting to get a license for feature 'Synthesis' and/or device 'xc7a100t'
INFO: [Common 17-349] Got license for feature 'Synthesis' and/or device 'xc7a100t'
INFO: [Device 21-403] Loading part xc7a100tcsg324-1
INFO: [Designutils 20-5440] No compile time benefit to using incremental synthesis; A full resynthesis will be run
INFO: [Designutils 20-4379] Flow is switching to default flow due to incremental criteria not met. If you would like to alter this behaviour and have the flow terminate instead, please set the following parameter config_implementation {autoIncr.Synth.RejectBehavior Terminate}
INFO: [Synth 8-7079] Multithreading enabled for synth_design using a maximum of 2 processes.
INFO: [Synth 8-7078] Launching helper process for spawning children vivado processes
INFO: [Synth 8-7075] Helper process launched with PID 1908
---------------------------------------------------------------------------------
Starting RTL Elaboration : Time (s): cpu = 00:00:06 ; elapsed = 00:00:06 . Memory (MB): peak = 1294.816 ; gain = 412.609
---------------------------------------------------------------------------------
INFO: [Synth 8-638] synthesizing module 'MAQ_EXP' [C:/Users/diego/OneDrive/Documentos/TRABAJO_SED_VHDL_G20/MaquinaExp_G20/MaquinaExp_G20.srcs/sources_1/new/MAQ_EXP.vhd:14]
INFO: [Synth 8-3491] module 'SYNCHRNZR' declared at 'C:/Users/diego/OneDrive/Documentos/TRABAJO_SED_VHDL_G20/MaquinaExp_G20/MaquinaExp_G20.srcs/sources_1/new/SYNCHRONIZER.vhd:34' bound to instance 'SYNC' of component 'SYNCHRNZR' [C:/Users/diego/OneDrive/Documentos/TRABAJO_SED_VHDL_G20/MaquinaExp_G20/MaquinaExp_G20.srcs/sources_1/new/MAQ_EXP.vhd:63]
INFO: [Synth 8-638] synthesizing module 'SYNCHRNZR' [C:/Users/diego/OneDrive/Documentos/TRABAJO_SED_VHDL_G20/MaquinaExp_G20/MaquinaExp_G20.srcs/sources_1/new/SYNCHRONIZER.vhd:42]
INFO: [Synth 8-256] done synthesizing module 'SYNCHRNZR' (0#1) [C:/Users/diego/OneDrive/Documentos/TRABAJO_SED_VHDL_G20/MaquinaExp_G20/MaquinaExp_G20.srcs/sources_1/new/SYNCHRONIZER.vhd:42]
INFO: [Synth 8-3491] module 'EDGE_DETECTOR' declared at 'C:/Users/diego/OneDrive/Documentos/TRABAJO_SED_VHDL_G20/MaquinaExp_G20/MaquinaExp_G20.srcs/sources_1/new/EDGE_DETECTOR.vhd:25' bound to instance 'EDGE' of component 'EDGE_DETECTOR' [C:/Users/diego/OneDrive/Documentos/TRABAJO_SED_VHDL_G20/MaquinaExp_G20/MaquinaExp_G20.srcs/sources_1/new/MAQ_EXP.vhd:72]
INFO: [Synth 8-638] synthesizing module 'EDGE_DETECTOR' [C:/Users/diego/OneDrive/Documentos/TRABAJO_SED_VHDL_G20/MaquinaExp_G20/MaquinaExp_G20.srcs/sources_1/new/EDGE_DETECTOR.vhd:33]
INFO: [Synth 8-256] done synthesizing module 'EDGE_DETECTOR' (0#1) [C:/Users/diego/OneDrive/Documentos/TRABAJO_SED_VHDL_G20/MaquinaExp_G20/MaquinaExp_G20.srcs/sources_1/new/EDGE_DETECTOR.vhd:33]
INFO: [Synth 8-3491] module 'COUNTER' declared at 'C:/Users/diego/OneDrive/Documentos/TRABAJO_SED_VHDL_G20/MaquinaExp_G20/MaquinaExp_G20.srcs/sources_1/new/COUNTER.vhd:6' bound to instance 'CTR' of component 'COUNTER' [C:/Users/diego/OneDrive/Documentos/TRABAJO_SED_VHDL_G20/MaquinaExp_G20/MaquinaExp_G20.srcs/sources_1/new/MAQ_EXP.vhd:77]
INFO: [Synth 8-638] synthesizing module 'COUNTER' [C:/Users/diego/OneDrive/Documentos/TRABAJO_SED_VHDL_G20/MaquinaExp_G20/MaquinaExp_G20.srcs/sources_1/new/COUNTER.vhd:19]
WARNING: [Synth 8-614] signal 'CE' is read in the process but is not in the sensitivity list [C:/Users/diego/OneDrive/Documentos/TRABAJO_SED_VHDL_G20/MaquinaExp_G20/MaquinaExp_G20.srcs/sources_1/new/COUNTER.vhd:26]
WARNING: [Synth 8-614] signal 'CUENTA_SIG' is read in the process but is not in the sensitivity list [C:/Users/diego/OneDrive/Documentos/TRABAJO_SED_VHDL_G20/MaquinaExp_G20/MaquinaExp_G20.srcs/sources_1/new/COUNTER.vhd:26]
INFO: [Synth 8-256] done synthesizing module 'COUNTER' (0#1) [C:/Users/diego/OneDrive/Documentos/TRABAJO_SED_VHDL_G20/MaquinaExp_G20/MaquinaExp_G20.srcs/sources_1/new/COUNTER.vhd:19]
INFO: [Synth 8-3491] module 'FSM' declared at 'C:/Users/diego/OneDrive/Documentos/TRABAJO_SED_VHDL_G20/MaquinaExp_G20/MaquinaExp_G20.srcs/sources_1/new/FSM.vhd:4' bound to instance 'ESTADOS' of component 'FSM' [C:/Users/diego/OneDrive/Documentos/TRABAJO_SED_VHDL_G20/MaquinaExp_G20/MaquinaExp_G20.srcs/sources_1/new/MAQ_EXP.vhd:86]
INFO: [Synth 8-638] synthesizing module 'FSM' [C:/Users/diego/OneDrive/Documentos/TRABAJO_SED_VHDL_G20/MaquinaExp_G20/MaquinaExp_G20.srcs/sources_1/new/FSM.vhd:15]
WARNING: [Synth 8-614] signal 'RESET' is read in the process but is not in the sensitivity list [C:/Users/diego/OneDrive/Documentos/TRABAJO_SED_VHDL_G20/MaquinaExp_G20/MaquinaExp_G20.srcs/sources_1/new/FSM.vhd:32]
INFO: [Synth 8-256] done synthesizing module 'FSM' (0#1) [C:/Users/diego/OneDrive/Documentos/TRABAJO_SED_VHDL_G20/MaquinaExp_G20/MaquinaExp_G20.srcs/sources_1/new/FSM.vhd:15]
INFO: [Synth 8-256] done synthesizing module 'MAQ_EXP' (0#1) [C:/Users/diego/OneDrive/Documentos/TRABAJO_SED_VHDL_G20/MaquinaExp_G20/MaquinaExp_G20.srcs/sources_1/new/MAQ_EXP.vhd:14]
WARNING: [Synth 8-7129] Port TIPO_REFRESCO in module FSM is either unconnected or has no load
WARNING: [Synth 8-7129] Port TIPO_REFRESCO in module COUNTER is either unconnected or has no load
---------------------------------------------------------------------------------
Finished RTL Elaboration : Time (s): cpu = 00:00:07 ; elapsed = 00:00:08 . Memory (MB): peak = 1384.984 ; gain = 502.777
---------------------------------------------------------------------------------
---------------------------------------------------------------------------------
Start Handling Custom Attributes
---------------------------------------------------------------------------------
---------------------------------------------------------------------------------
Finished Handling Custom Attributes : Time (s): cpu = 00:00:07 ; elapsed = 00:00:08 . Memory (MB): peak = 1384.984 ; gain = 502.777
---------------------------------------------------------------------------------
---------------------------------------------------------------------------------
Finished RTL Optimization Phase 1 : Time (s): cpu = 00:00:07 ; elapsed = 00:00:08 . Memory (MB): peak = 1384.984 ; gain = 502.777
---------------------------------------------------------------------------------
Netlist sorting complete. Time (s): cpu = 00:00:00 ; elapsed = 00:00:00.002 . Memory (MB): peak = 1384.984 ; gain = 0.000
INFO: [Project 1-570] Preparing netlist for logic optimization

Processing XDC Constraints
Initializing timing engine
Parsing XDC File [C:/Users/diego/Downloads/Nexys4DDR_Master.xdc]
Finished Parsing XDC File [C:/Users/diego/Downloads/Nexys4DDR_Master.xdc]
Completed Processing XDC Constraints

Netlist sorting complete. Time (s): cpu = 00:00:00 ; elapsed = 00:00:00 . Memory (MB): peak = 1476.555 ; gain = 0.000
INFO: [Project 1-111] Unisim Transformation Summary:
No Unisim elements were transformed.

Constraint Validation Runtime : Time (s): cpu = 00:00:00 ; elapsed = 00:00:00.006 . Memory (MB): peak = 1476.555 ; gain = 0.000
INFO: [Designutils 20-5440] No compile time benefit to using incremental synthesis; A full resynthesis will be run
INFO: [Designutils 20-4379] Flow is switching to default flow due to incremental criteria not met. If you would like to alter this behaviour and have the flow terminate instead, please set the following parameter config_implementation {autoIncr.Synth.RejectBehavior Terminate}
---------------------------------------------------------------------------------
Finished Constraint Validation : Time (s): cpu = 00:00:15 ; elapsed = 00:00:16 . Memory (MB): peak = 1476.555 ; gain = 594.348
---------------------------------------------------------------------------------
---------------------------------------------------------------------------------
Start Loading Part and Timing Information
---------------------------------------------------------------------------------
Loading part: xc7a100tcsg324-1
---------------------------------------------------------------------------------
Finished Loading Part and Timing Information : Time (s): cpu = 00:00:15 ; elapsed = 00:00:16 . Memory (MB): peak = 1476.555 ; gain = 594.348
---------------------------------------------------------------------------------
---------------------------------------------------------------------------------
Start Applying 'set_property' XDC Constraints
---------------------------------------------------------------------------------
---------------------------------------------------------------------------------
Finished applying 'set_property' XDC Constraints : Time (s): cpu = 00:00:15 ; elapsed = 00:00:16 . Memory (MB): peak = 1476.555 ; gain = 594.348
---------------------------------------------------------------------------------
INFO: [Synth 8-802] inferred FSM for state register 'CURRENT_STATE_reg' in module 'FSM'
WARNING: [Synth 8-327] inferring latch for variable 'ERROR_SIG_reg' [C:/Users/diego/OneDrive/Documentos/TRABAJO_SED_VHDL_G20/MaquinaExp_G20/MaquinaExp_G20.srcs/sources_1/new/COUNTER.vhd:46]
WARNING: [Synth 8-327] inferring latch for variable 'PAGO_OK_SIG_reg' [C:/Users/diego/OneDrive/Documentos/TRABAJO_SED_VHDL_G20/MaquinaExp_G20/MaquinaExp_G20.srcs/sources_1/new/COUNTER.vhd:47]
---------------------------------------------------------------------------------------------------
                   State |                     New Encoding |                Previous Encoding 
---------------------------------------------------------------------------------------------------
                      s0 |                               00 |                               00
                      s1 |                               01 |                               01
                      s2 |                               10 |                               10
                      s3 |                               11 |                               11
---------------------------------------------------------------------------------------------------
INFO: [Synth 8-3354] encoded FSM with state register 'CURRENT_STATE_reg' using encoding 'sequential' in module 'FSM'
---------------------------------------------------------------------------------
Finished RTL Optimization Phase 2 : Time (s): cpu = 00:00:15 ; elapsed = 00:00:17 . Memory (MB): peak = 1476.555 ; gain = 594.348
---------------------------------------------------------------------------------
---------------------------------------------------------------------------------
Start RTL Component Statistics 
---------------------------------------------------------------------------------
Detailed RTL Component Info : 
+---Adders : 
	   2 Input    5 Bit       Adders := 1     
+---Registers : 
	                6 Bit    Registers := 2     
	                5 Bit    Registers := 1     
	                4 Bit    Registers := 2     
+---Muxes : 
	   2 Input    4 Bit        Muxes := 2     
	   4 Input    4 Bit        Muxes := 1     
	   4 Input    2 Bit        Muxes := 1     
	   2 Input    2 Bit        Muxes := 3     
	   2 Input    1 Bit        Muxes := 2     
	   4 Input    1 Bit        Muxes := 4     
---------------------------------------------------------------------------------
Finished RTL Component Statistics 
---------------------------------------------------------------------------------
---------------------------------------------------------------------------------
Start Part Resource Summary
---------------------------------------------------------------------------------
Part Resources:
DSPs: 240 (col length:80)
BRAMs: 270 (col length: RAMB18 80 RAMB36 40)
---------------------------------------------------------------------------------
Finished Part Resource Summary
---------------------------------------------------------------------------------
---------------------------------------------------------------------------------
Start Cross Boundary and Area Optimization
---------------------------------------------------------------------------------
WARNING: [Synth 8-7080] Parallel synthesis criteria is not met
WARNING: [Synth 8-3936] Found unconnected internal register 'SYNC/SREG_2_reg' and it is trimmed from '6' to '5' bits. [C:/Users/diego/OneDrive/Documentos/TRABAJO_SED_VHDL_G20/MaquinaExp_G20/MaquinaExp_G20.srcs/sources_1/new/SYNCHRONIZER.vhd:59]
WARNING: [Synth 8-3936] Found unconnected internal register 'SYNC/SREG_1_reg' and it is trimmed from '6' to '5' bits. [C:/Users/diego/OneDrive/Documentos/TRABAJO_SED_VHDL_G20/MaquinaExp_G20/MaquinaExp_G20.srcs/sources_1/new/SYNCHRONIZER.vhd:52]
WARNING: [Synth 8-7129] Port TIPO_REFRESCO in module MAQ_EXP is either unconnected or has no load
---------------------------------------------------------------------------------
Finished Cross Boundary and Area Optimization : Time (s): cpu = 00:00:18 ; elapsed = 00:00:19 . Memory (MB): peak = 1476.555 ; gain = 594.348
---------------------------------------------------------------------------------
---------------------------------------------------------------------------------
Start Applying XDC Timing Constraints
---------------------------------------------------------------------------------
---------------------------------------------------------------------------------
Finished Applying XDC Timing Constraints : Time (s): cpu = 00:00:23 ; elapsed = 00:00:25 . Memory (MB): peak = 1476.555 ; gain = 594.348
---------------------------------------------------------------------------------
---------------------------------------------------------------------------------
Start Timing Optimization
---------------------------------------------------------------------------------
---------------------------------------------------------------------------------
Finished Timing Optimization : Time (s): cpu = 00:00:23 ; elapsed = 00:00:25 . Memory (MB): peak = 1476.555 ; gain = 594.348
---------------------------------------------------------------------------------
---------------------------------------------------------------------------------
Start Technology Mapping
---------------------------------------------------------------------------------
---------------------------------------------------------------------------------
Finished Technology Mapping : Time (s): cpu = 00:00:23 ; elapsed = 00:00:25 . Memory (MB): peak = 1476.555 ; gain = 594.348
---------------------------------------------------------------------------------
---------------------------------------------------------------------------------
Start IO Insertion
---------------------------------------------------------------------------------
---------------------------------------------------------------------------------
Start Flattening Before IO Insertion
---------------------------------------------------------------------------------
---------------------------------------------------------------------------------
Finished Flattening Before IO Insertion
---------------------------------------------------------------------------------
---------------------------------------------------------------------------------
Start Final Netlist Cleanup
---------------------------------------------------------------------------------
---------------------------------------------------------------------------------
Finished Final Netlist Cleanup
---------------------------------------------------------------------------------
---------------------------------------------------------------------------------
Finished IO Insertion : Time (s): cpu = 00:00:28 ; elapsed = 00:00:29 . Memory (MB): peak = 1476.555 ; gain = 594.348
---------------------------------------------------------------------------------
---------------------------------------------------------------------------------
Start Renaming Generated Instances
---------------------------------------------------------------------------------
---------------------------------------------------------------------------------
Finished Renaming Generated Instances : Time (s): cpu = 00:00:28 ; elapsed = 00:00:29 . Memory (MB): peak = 1476.555 ; gain = 594.348
---------------------------------------------------------------------------------
---------------------------------------------------------------------------------
Start Rebuilding User Hierarchy
---------------------------------------------------------------------------------
---------------------------------------------------------------------------------
Finished Rebuilding User Hierarchy : Time (s): cpu = 00:00:28 ; elapsed = 00:00:29 . Memory (MB): peak = 1476.555 ; gain = 594.348
---------------------------------------------------------------------------------
---------------------------------------------------------------------------------
Start Renaming Generated Ports
---------------------------------------------------------------------------------
---------------------------------------------------------------------------------
Finished Renaming Generated Ports : Time (s): cpu = 00:00:28 ; elapsed = 00:00:29 . Memory (MB): peak = 1476.555 ; gain = 594.348
---------------------------------------------------------------------------------
---------------------------------------------------------------------------------
Start Handling Custom Attributes
---------------------------------------------------------------------------------
---------------------------------------------------------------------------------
Finished Handling Custom Attributes : Time (s): cpu = 00:00:28 ; elapsed = 00:00:29 . Memory (MB): peak = 1476.555 ; gain = 594.348
---------------------------------------------------------------------------------
---------------------------------------------------------------------------------
Start Renaming Generated Nets
---------------------------------------------------------------------------------
---------------------------------------------------------------------------------
Finished Renaming Generated Nets : Time (s): cpu = 00:00:28 ; elapsed = 00:00:29 . Memory (MB): peak = 1476.555 ; gain = 594.348
---------------------------------------------------------------------------------
---------------------------------------------------------------------------------
Start Writing Synthesis Report
---------------------------------------------------------------------------------

Report BlackBoxes: 
+-+--------------+----------+
| |BlackBox name |Instances |
+-+--------------+----------+
+-+--------------+----------+

Report Cell Usage: 
+------+-----+------+
|      |Cell |Count |
+------+-----+------+
|1     |BUFG |     1|
|2     |LUT1 |     1|
|3     |LUT2 |     3|
|4     |LUT3 |     1|
|5     |LUT4 |     4|
|6     |LUT5 |     6|
|7     |LUT6 |     6|
|8     |FDCE |     7|
|9     |FDRE |    18|
|10    |LD   |     1|
|11    |LDCP |     1|
|12    |IBUF |     7|
|13    |OBUF |     2|
+------+-----+------+
---------------------------------------------------------------------------------
Finished Writing Synthesis Report : Time (s): cpu = 00:00:28 ; elapsed = 00:00:29 . Memory (MB): peak = 1476.555 ; gain = 594.348
---------------------------------------------------------------------------------
Synthesis finished with 0 errors, 0 critical warnings and 6 warnings.
Synthesis Optimization Runtime : Time (s): cpu = 00:00:19 ; elapsed = 00:00:27 . Memory (MB): peak = 1476.555 ; gain = 502.777
Synthesis Optimization Complete : Time (s): cpu = 00:00:28 ; elapsed = 00:00:30 . Memory (MB): peak = 1476.555 ; gain = 594.348
INFO: [Project 1-571] Translating synthesized netlist
Netlist sorting complete. Time (s): cpu = 00:00:00 ; elapsed = 00:00:00.001 . Memory (MB): peak = 1476.555 ; gain = 0.000
INFO: [Netlist 29-17] Analyzing 2 Unisim elements for replacement
INFO: [Netlist 29-28] Unisim Transformation completed in 0 CPU seconds
INFO: [Project 1-570] Preparing netlist for logic optimization
INFO: [Opt 31-138] Pushed 0 inverter(s) to 0 load pin(s).
Netlist sorting complete. Time (s): cpu = 00:00:00 ; elapsed = 00:00:00 . Memory (MB): peak = 1476.555 ; gain = 0.000
INFO: [Project 1-111] Unisim Transformation Summary:
  A total of 2 instances were transformed.
  LD => LDCE: 1 instance 
  LDCP => LDCP (GND, LDCE, LUT3(x2), VCC): 1 instance 

Synth Design complete | Checksum: 504ed417
INFO: [Common 17-83] Releasing license: Synthesis
36 Infos, 11 Warnings, 0 Critical Warnings and 0 Errors encountered.
synth_design completed successfully
synth_design: Time (s): cpu = 00:00:33 ; elapsed = 00:00:35 . Memory (MB): peak = 1476.555 ; gain = 991.391
INFO: [Common 17-1381] The checkpoint 'C:/Users/diego/OneDrive/Documentos/TRABAJO_SED_VHDL_G20/MaquinaExp_G20/MaquinaExp_G20.runs/synth_1/MAQ_EXP.dcp' has been generated.
INFO: [runtcl-4] Executing : report_utilization -file MAQ_EXP_utilization_synth.rpt -pb MAQ_EXP_utilization_synth.pb
INFO: [Common 17-206] Exiting Vivado at Tue Dec 19 16:50:43 2023...
